[I 2026-08-31 14:40:01,186] Trial 51 finished with value: 0.05666752623866743 and parameters: {'gru_hidden': 256, 'mlp_hidden': 256, 'lr': 0.001966086265568751, 'batch_size': 32, 'lambda_future': 0.05210969437221639}. Best is trial 25 with value: 0.055759194960345086.

=== Migliori iperparametri - Fase 3 ===
  gru_hidden: 128
  mlp_hidden: 64
  lr: 0.003253161269482492
  batch_size: 64
  lambda_future: 0.11535019360819432
  best val loss: 0.0558

Risultati salvati in /home/gemma/tesi/aquabot/src/net/InverseEstimator/tuning_results_inverse/best_params_inverse_phase3.txt
