Device: cuda | threads: 4
=== FASE 1 | 4 trial (questo worker) | 30 epoche ===

Caricamento dataset...
Trovati 34 trial.
  [trial_20260519_151133.csv] attenzione: calibrazione a riposo su 37 campioni (< 50)
Dataset grezzo: 34 trial letti. Scaler e finestre verranno costruiti in split_by_trial() (fit solo sul training set).
[I 2026-09-04 13:59:10,854] Using an existing study with name 'fish_inverse_phase1' instead of creating a new one.
Normalizzatore caricato da /home/gemma/tesi/aquabot/src/net/scaler/scalers_inverse.pkl (nessun refit).
Dataset: 27324 campioni da 34 trial. seq feature/timestep = 2
  Trial 3 | Epoch  0 | val 0.2217
  Trial 3 | Epoch  1 | val 0.1752
  Trial 3 | Epoch  2 | val 0.1627
  Trial 3 | Epoch  3 | val 0.1216
  Trial 3 | Epoch  4 | val 0.1371
  Trial 3 | Epoch  5 | val 0.1056
  Trial 3 | Epoch  6 | val 0.1094
  Trial 3 | Epoch  7 | val 0.1047
  Trial 3 | Epoch  8 | val 0.1004
  Trial 3 | Epoch  9 | val 0.1046
  Trial 3 | Epoch 10 | val 0.0866
  Trial 3 | Epoch 11 | val 0.0869
  Trial 3 | Epoch 12 | val 0.0884
  Trial 3 | Epoch 13 | val 0.0827
  Trial 3 | Epoch 14 | val 0.0841
  Trial 3 | Epoch 15 | val 0.0903
  Trial 3 | Epoch 16 | val 0.0856
  Trial 3 | Epoch 17 | val 0.0865
  Trial 3 | Epoch 18 | val 0.0836
  Trial 3 | Epoch 19 | val 0.0787
  Trial 3 | Epoch 20 | val 0.0808
  Trial 3 | Epoch 21 | val 0.0819
  Trial 3 | Epoch 22 | val 0.0815
  Trial 3 | Epoch 23 | val 0.0785
  Trial 3 | Epoch 24 | val 0.0768
  Trial 3 | Epoch 25 | val 0.0793
  Trial 3 | Epoch 26 | val 0.0833
  Trial 3 | Epoch 27 | val 0.0782
  Trial 3 | Epoch 28 | val 0.0770
  Trial 3 | Epoch 29 | val 0.0800
[I 2026-09-04 14:01:23,943] Trial 3 finished with value: 0.0768152861230409 and parameters: {'gru_hidden': 256, 'mlp_hidden': 64}. Best is trial 3 with value: 0.0768152861230409.
  Trial 7 | Epoch  0 | val 0.2006
  Trial 7 | Epoch  1 | val 0.1556
  Trial 7 | Epoch  2 | val 0.1279
  Trial 7 | Epoch  3 | val 0.1206
  Trial 7 | Epoch  4 | val 0.1051
  Trial 7 | Epoch  5 | val 0.1014
  Trial 7 | Epoch  6 | val 0.0913
  Trial 7 | Epoch  7 | val 0.1054
  Trial 7 | Epoch  8 | val 0.0934
  Trial 7 | Epoch  9 | val 0.0861
  Trial 7 | Epoch 10 | val 0.0838
  Trial 7 | Epoch 11 | val 0.0866
  Trial 7 | Epoch 12 | val 0.0851
  Trial 7 | Epoch 13 | val 0.0831
  Trial 7 | Epoch 14 | val 0.0807
  Trial 7 | Epoch 15 | val 0.0810
  Trial 7 | Epoch 16 | val 0.0826
  Trial 7 | Epoch 17 | val 0.0800
  Trial 7 | Epoch 18 | val 0.0748
  Trial 7 | Epoch 19 | val 0.0791
  Trial 7 | Epoch 20 | val 0.0806
  Trial 7 | Epoch 21 | val 0.0804
  Trial 7 | Epoch 22 | val 0.0747
  Trial 7 | Epoch 23 | val 0.0785
  Trial 7 | Epoch 24 | val 0.0786
  Trial 7 | Epoch 25 | val 0.0794
  Trial 7 | Epoch 26 | val 0.0762
  Trial 7 | Epoch 27 | val 0.0770
  Trial 7 | Epoch 28 | val 0.0765
  Trial 7 | Epoch 29 | val 0.0756
[I 2026-09-04 14:02:37,680] Trial 7 finished with value: 0.07465335230495948 and parameters: {'gru_hidden': 512, 'mlp_hidden': 128}. Best is trial 7 with value: 0.07465335230495948.
  Trial 11 | Epoch  0 | val 0.1759
  Trial 11 | Epoch  1 | val 0.1566
  Trial 11 | Epoch  2 | val 0.1390
  Trial 11 | Epoch  3 | val 0.1409
  Trial 11 | Epoch  4 | val 0.1033
  Trial 11 | Epoch  5 | val 0.1255
  Trial 11 | Epoch  6 | val 0.1015
  Trial 11 | Epoch  7 | val 0.0961
  Trial 11 | Epoch  8 | val 0.0891
  Trial 11 | Epoch  9 | val 0.0959
  Trial 11 | Epoch 10 | val 0.0902
  Trial 11 | Epoch 11 | val 0.0864
  Trial 11 | Epoch 12 | val 0.0874
  Trial 11 | Epoch 13 | val 0.0896
  Trial 11 | Epoch 14 | val 0.0833
  Trial 11 | Epoch 15 | val 0.0871
  Trial 11 | Epoch 16 | val 0.0874
  Trial 11 | Epoch 17 | val 0.0809
  Trial 11 | Epoch 18 | val 0.0823
  Trial 11 | Epoch 19 | val 0.0826
  Trial 11 | Epoch 20 | val 0.0785
  Trial 11 | Epoch 21 | val 0.0761
  Trial 11 | Epoch 22 | val 0.0771
  Trial 11 | Epoch 23 | val 0.0798
  Trial 11 | Epoch 24 | val 0.0770
  Trial 11 | Epoch 25 | val 0.0752
  Trial 11 | Epoch 26 | val 0.0771
  Trial 11 | Epoch 27 | val 0.0734
  Trial 11 | Epoch 28 | val 0.0791
  Trial 11 | Epoch 29 | val 0.0783
[I 2026-09-04 14:04:46,829] Trial 11 finished with value: 0.07335742137658952 and parameters: {'gru_hidden': 256, 'mlp_hidden': 256}. Best is trial 11 with value: 0.07335742137658952.
  Trial 15 | Epoch  0 | val 0.2051
  Trial 15 | Epoch  1 | val 0.1398
  Trial 15 | Epoch  2 | val 0.1340
  Trial 15 | Epoch  3 | val 0.1236
  Trial 15 | Epoch  4 | val 0.1161
  Trial 15 | Epoch  5 | val 0.1082
  Trial 15 | Epoch  6 | val 0.0971
  Trial 15 | Epoch  7 | val 0.0943
  Trial 15 | Epoch  8 | val 0.0909
  Trial 15 | Epoch  9 | val 0.0914
  Trial 15 | Epoch 10 | val 0.1052
  Trial 15 | Epoch 11 | val 0.0857
  Trial 15 | Epoch 12 | val 0.0911
  Trial 15 | Epoch 13 | val 0.0827
  Trial 15 | Epoch 14 | val 0.0911
  Trial 15 | Epoch 15 | val 0.0857
  Trial 15 | Epoch 16 | val 0.0817
  Trial 15 | Epoch 17 | val 0.0842
  Trial 15 | Epoch 18 | val 0.0810
  Trial 15 | Epoch 19 | val 0.0821
  Trial 15 | Epoch 20 | val 0.0877
  Trial 15 | Epoch 21 | val 0.0826
  Trial 15 | Epoch 22 | val 0.0840
  Trial 15 | Epoch 23 | val 0.0789
  Trial 15 | Epoch 24 | val 0.0770
  Trial 15 | Epoch 25 | val 0.0838
  Trial 15 | Epoch 26 | val 0.0788
  Trial 15 | Epoch 27 | val 0.0799
  Trial 15 | Epoch 28 | val 0.0746
  Trial 15 | Epoch 29 | val 0.0759
[I 2026-09-04 14:06:35,644] Trial 15 finished with value: 0.07456949764668051 and parameters: {'gru_hidden': 512, 'mlp_hidden': 32}. Best is trial 11 with value: 0.07335742137658952.

=== Migliori iperparametri - Fase 1 ===
  gru_hidden: 256
  mlp_hidden: 256
  best val loss: 0.0734

Risultati salvati in /home/gemma/tesi/aquabot/src/net/InverseEstimator/tuning_results_inverse/best_params_inverse_phase1.txt
