Device: cuda | threads: 4
Tuning della SOLA FM (IM fissa). Metrica: val loss di FM.
=== FASE 1 | 4 trial (questo worker) | 20 epoche ===

Caricamento dataset...
Trovati 55 trial.
Dataset grezzo: 55 trial letti. Scaler e finestre costruiti in split_by_trial() (fit solo su train).
Normalizzatore caricato da /home/gemma/tesi/aquabot/src/net/Estimator/tuning/../../../../src/net/scaler/scalers_joint.pkl (nessun refit).
Dataset: 41225 campioni da 55 trial. H=20 P=1 | seq_cmd=(20, 1) seq_sens=(20, 2)
ctx_dim: 4
[I 2026-09-14 13:26:34,925] Using an existing study with name 'fish_fm_phase1' instead of creating a new one.
[W 2026-09-14 13:26:34,997] `GridSampler` is re-evaluating a configuration because the grid has been exhausted. This may happen due to a timing issue during distributed optimization or when re-running optimizations on already finished studies.
[W 2026-09-14 13:26:35,011] `GridSampler` is re-evaluating a configuration because the grid has been exhausted. This may happen due to a timing issue during distributed optimization or when re-running optimizations on already finished studies.
[W 2026-09-14 13:26:35,030] `GridSampler` is re-evaluating a configuration because the grid has been exhausted. This may happen due to a timing issue during distributed optimization or when re-running optimizations on already finished studies.
[W 2026-09-14 13:26:35,049] `GridSampler` is re-evaluating a configuration because the grid has been exhausted. This may happen due to a timing issue during distributed optimization or when re-running optimizations on already finished studies.
  Trial 17 | Epoch  0 | val_FM 0.1204
  Trial 19 | Epoch  0 | val_FM 0.1235
  Trial 18 | Epoch  0 | val_FM 0.1118
  Trial 17 | Epoch  1 | val_FM 0.0970
  Trial 16 | Epoch  0 | val_FM 0.1116
  Trial 19 | Epoch  1 | val_FM 0.1060
  Trial 18 | Epoch  1 | val_FM 0.0905
  Trial 17 | Epoch  2 | val_FM 0.0905
  Trial 19 | Epoch  2 | val_FM 0.0877
  Trial 17 | Epoch  3 | val_FM 0.0816
  Trial 19 | Epoch  3 | val_FM 0.0855
  Trial 16 | Epoch  1 | val_FM 0.1001
  Trial 18 | Epoch  2 | val_FM 0.0833
  Trial 17 | Epoch  4 | val_FM 0.0849
  Trial 19 | Epoch  4 | val_FM 0.0796
  Trial 18 | Epoch  3 | val_FM 0.0791
  Trial 17 | Epoch  5 | val_FM 0.0759
  Trial 19 | Epoch  5 | val_FM 0.0859
  Trial 16 | Epoch  2 | val_FM 0.0864
  Trial 17 | Epoch  6 | val_FM 0.0778
  Trial 18 | Epoch  4 | val_FM 0.0679
  Trial 19 | Epoch  6 | val_FM 0.0768
  Trial 17 | Epoch  7 | val_FM 0.0756
  Trial 19 | Epoch  7 | val_FM 0.0795
  Trial 18 | Epoch  5 | val_FM 0.0678
  Trial 17 | Epoch  8 | val_FM 0.0689
  Trial 16 | Epoch  3 | val_FM 0.0832
  Trial 19 | Epoch  8 | val_FM 0.0799
  Trial 17 | Epoch  9 | val_FM 0.0724
  Trial 18 | Epoch  6 | val_FM 0.0616
  Trial 19 | Epoch  9 | val_FM 0.0743
  Trial 17 | Epoch 10 | val_FM 0.0672
  Trial 16 | Epoch  4 | val_FM 0.0829
  Trial 19 | Epoch 10 | val_FM 0.0728
  Trial 18 | Epoch  7 | val_FM 0.0549
  Trial 17 | Epoch 11 | val_FM 0.0627
  Trial 19 | Epoch 11 | val_FM 0.0686
  Trial 17 | Epoch 12 | val_FM 0.0605
  Trial 18 | Epoch  8 | val_FM 0.0592
  Trial 16 | Epoch  5 | val_FM 0.0862
  Trial 19 | Epoch 12 | val_FM 0.0731
  Trial 17 | Epoch 13 | val_FM 0.0571
  Trial 18 | Epoch  9 | val_FM 0.0546
  Trial 19 | Epoch 13 | val_FM 0.0651
  Trial 17 | Epoch 14 | val_FM 0.0629
  Trial 16 | Epoch  6 | val_FM 0.0862
  Trial 19 | Epoch 14 | val_FM 0.0592
  Trial 17 | Epoch 15 | val_FM 0.0538
  Trial 18 | Epoch 10 | val_FM 0.0562
  Trial 19 | Epoch 15 | val_FM 0.0578
  Trial 17 | Epoch 16 | val_FM 0.0559
  Trial 18 | Epoch 11 | val_FM 0.0532
  Trial 17 | Epoch 17 | val_FM 0.0591
  Trial 16 | Epoch  7 | val_FM 0.0788
  Trial 19 | Epoch 16 | val_FM 0.0590
  Trial 18 | Epoch 12 | val_FM 0.0582
  Trial 17 | Epoch 18 | val_FM 0.0531
  Trial 19 | Epoch 17 | val_FM 0.0562
  Trial 17 | Epoch 19 | val_FM 0.0533
[I 2026-09-14 13:31:33,884] Trial 17 finished with value: 0.05313098608376154 and parameters: {'gru_hidden': 128, 'mlp_hidden': 128}. Best is trial 17 with value: 0.05313098608376154.
  Trial 19 | Epoch 18 | val_FM 0.0560
  Trial 16 | Epoch  8 | val_FM 0.0846
  Trial 18 | Epoch 13 | val_FM 0.0556
  Trial 19 | Epoch 19 | val_FM 0.0560
[I 2026-09-14 13:31:48,367] Trial 19 finished with value: 0.05596254117105132 and parameters: {'gru_hidden': 128, 'mlp_hidden': 32}. Best is trial 17 with value: 0.05313098608376154.
  Trial 18 | Epoch 14 | val_FM 0.0560
  Trial 16 | Epoch  9 | val_FM 0.0744
  Trial 18 | Epoch 15 | val_FM 0.0560
  Trial 16 | Epoch 10 | val_FM 0.0726
  Trial 18 | Epoch 16 | val_FM 0.0553
  Trial 16 | Epoch 11 | val_FM 0.0749
  Trial 18 | Epoch 17 | val_FM 0.0555
  Trial 16 | Epoch 12 | val_FM 0.0692
  Trial 18 | Epoch 18 | val_FM 0.0547
  Trial 16 | Epoch 13 | val_FM 0.0694
  Trial 18 | Epoch 19 | val_FM 0.0517
[I 2026-09-14 13:32:44,387] Trial 18 finished with value: 0.051724076901069456 and parameters: {'gru_hidden': 512, 'mlp_hidden': 32}. Best is trial 18 with value: 0.051724076901069456.
  Trial 16 | Epoch 14 | val_FM 0.0648
  Trial 16 | Epoch 15 | val_FM 0.0644
  Trial 16 | Epoch 16 | val_FM 0.0619
  Trial 16 | Epoch 17 | val_FM 0.0627
  Trial 16 | Epoch 18 | val_FM 0.0605
  Trial 16 | Epoch 19 | val_FM 0.0608
[I 2026-09-14 13:33:12,941] Trial 16 finished with value: 0.06053453865248004 and parameters: {'gru_hidden': 64, 'mlp_hidden': 256}. Best is trial 28 with value: 0.05171475083463722.

=== Migliori iperparametri FM - Fase 1 ===
  gru_hidden: 512
  mlp_hidden: 256
  best val_FM: 0.0517

Risultati salvati in /home/gemma/tesi/aquabot/src/net/Estimator/tuning/tuning_results/best_fm_phase1.txt
