Device: cuda | threads: 4
Tuning della SOLA FM (IM fissa). Metrica: val loss di FM.
=== FASE 3 | 13 trial (questo worker) | 30 epoche ===

Caricamento dataset...
Trovati 55 trial.
Dataset grezzo: 55 trial letti. Scaler e finestre costruiti in split_by_trial() (fit solo su train).
Normalizzatore caricato da /home/gemma/tesi/aquabot/src/net/Estimator/tuning/../../../../src/net/scaler/scalers_joint.pkl (nessun refit).
Dataset: 41225 campioni da 55 trial. H=20 P=1 | seq_cmd=(20, 1) seq_sens=(20, 2)
ctx_dim: 4
Best arch: gru=512, mlp=256
Best training: lr=4.91e-04, batch=32, wd=1.58e-05, dropout=0.09 (val 0.0542)

[I 2026-09-14 15:48:49,765] Using an existing study with name 'fish_fm_phase3' instead of creating a new one.
  Trial 1 | Epoch  0 | val_FM 0.1275
  Trial 1 | Epoch  1 | val_FM 0.1136
  Trial 1 | Epoch  2 | val_FM 0.0981
  Trial 1 | Epoch  3 | val_FM 0.0972
  Trial 1 | Epoch  4 | val_FM 0.0932
  Trial 1 | Epoch  5 | val_FM 0.0856
  Trial 1 | Epoch  6 | val_FM 0.0899
  Trial 1 | Epoch  7 | val_FM 0.0861
  Trial 1 | Epoch  8 | val_FM 0.0818
  Trial 1 | Epoch  9 | val_FM 0.0826
  Trial 1 | Epoch 10 | val_FM 0.0765
  Trial 1 | Epoch 11 | val_FM 0.0762
  Trial 1 | Epoch 12 | val_FM 0.0779
  Trial 1 | Epoch 13 | val_FM 0.0812
  Trial 1 | Epoch 14 | val_FM 0.0780
  Trial 1 | Epoch 15 | val_FM 0.0734
  Trial 1 | Epoch 16 | val_FM 0.0735
  Trial 1 | Epoch 17 | val_FM 0.0734
  Trial 1 | Epoch 18 | val_FM 0.0739
  Trial 1 | Epoch 19 | val_FM 0.0739
  Trial 1 | Epoch 20 | val_FM 0.0744
  Trial 1 | Epoch 21 | val_FM 0.0707
  Trial 1 | Epoch 22 | val_FM 0.0673
  Trial 1 | Epoch 23 | val_FM 0.0677
  Trial 1 | Epoch 24 | val_FM 0.0677
  Trial 1 | Epoch 25 | val_FM 0.0642
  Trial 1 | Epoch 26 | val_FM 0.0627
  Trial 1 | Epoch 27 | val_FM 0.0633
  Trial 1 | Epoch 28 | val_FM 0.0646
  Trial 1 | Epoch 29 | val_FM 0.0633
[I 2026-09-14 15:55:03,879] Trial 1 finished with value: 0.06271899687278955 and parameters: {'gru_hidden': 512, 'mlp_hidden': 128, 'lr': 0.00010288718217886412, 'batch_size': 32, 'weight_decay': 2.4689699343761487e-05, 'dropout': 0.029220560225775793}. Best is trial 2 with value: 0.05716883942630945.
  Trial 5 | Epoch  0 | val_FM 0.1485
  Trial 5 | Epoch  1 | val_FM 0.1301
  Trial 5 | Epoch  2 | val_FM 0.1164
  Trial 5 | Epoch  3 | val_FM 0.1128
  Trial 5 | Epoch  4 | val_FM 0.1118
  Trial 5 | Epoch  5 | val_FM 0.1063
  Trial 5 | Epoch  6 | val_FM 0.0929
  Trial 5 | Epoch  7 | val_FM 0.0958
  Trial 5 | Epoch  8 | val_FM 0.0895
  Trial 5 | Epoch  9 | val_FM 0.0884
  Trial 5 | Epoch 10 | val_FM 0.0830
  Trial 5 | Epoch 11 | val_FM 0.0876
  Trial 5 | Epoch 12 | val_FM 0.0808
[I 2026-09-14 15:55:49,234] Trial 5 pruned. 
  Trial 9 | Epoch  0 | val_FM 0.1538
  Trial 9 | Epoch  1 | val_FM 0.1290
  Trial 9 | Epoch  2 | val_FM 0.1287
  Trial 9 | Epoch  3 | val_FM 0.1117
  Trial 9 | Epoch  4 | val_FM 0.1036
  Trial 9 | Epoch  5 | val_FM 0.0931
  Trial 9 | Epoch  6 | val_FM 0.0989
  Trial 9 | Epoch  7 | val_FM 0.0860
  Trial 9 | Epoch  8 | val_FM 0.0855
[I 2026-09-14 15:56:20,147] Trial 9 pruned. 
  Trial 10 | Epoch  0 | val_FM 0.1477
  Trial 10 | Epoch  1 | val_FM 0.1317
  Trial 10 | Epoch  2 | val_FM 0.1214
  Trial 10 | Epoch  3 | val_FM 0.1168
  Trial 10 | Epoch  4 | val_FM 0.1102
  Trial 10 | Epoch  5 | val_FM 0.1023
  Trial 10 | Epoch  6 | val_FM 0.0981
  Trial 10 | Epoch  7 | val_FM 0.0935
  Trial 10 | Epoch  8 | val_FM 0.0899
[I 2026-09-14 15:56:49,769] Trial 10 pruned. 
  Trial 12 | Epoch  0 | val_FM 0.1521
  Trial 12 | Epoch  1 | val_FM 0.1264
  Trial 12 | Epoch  2 | val_FM 0.1212
  Trial 12 | Epoch  3 | val_FM 0.1010
  Trial 12 | Epoch  4 | val_FM 0.0982
  Trial 12 | Epoch  5 | val_FM 0.0920
  Trial 12 | Epoch  6 | val_FM 0.0948
  Trial 12 | Epoch  7 | val_FM 0.0856
  Trial 12 | Epoch  8 | val_FM 0.0823
[I 2026-09-14 15:57:20,205] Trial 12 pruned. 
  Trial 14 | Epoch  0 | val_FM 0.1278
  Trial 14 | Epoch  1 | val_FM 0.1019
  Trial 14 | Epoch  2 | val_FM 0.0863
  Trial 14 | Epoch  3 | val_FM 0.0856
  Trial 14 | Epoch  4 | val_FM 0.0847
  Trial 14 | Epoch  5 | val_FM 0.0783
  Trial 14 | Epoch  6 | val_FM 0.0771
  Trial 14 | Epoch  7 | val_FM 0.0692
  Trial 14 | Epoch  8 | val_FM 0.0674
  Trial 14 | Epoch  9 | val_FM 0.0685
  Trial 14 | Epoch 10 | val_FM 0.0656
  Trial 14 | Epoch 11 | val_FM 0.0725
  Trial 14 | Epoch 12 | val_FM 0.0633
  Trial 14 | Epoch 13 | val_FM 0.0669
  Trial 14 | Epoch 14 | val_FM 0.0805
  Trial 14 | Epoch 15 | val_FM 0.0649
  Trial 14 | Epoch 16 | val_FM 0.0624
  Trial 14 | Epoch 17 | val_FM 0.0582
  Trial 14 | Epoch 18 | val_FM 0.0584
  Trial 14 | Epoch 19 | val_FM 0.0564
  Trial 14 | Epoch 20 | val_FM 0.0589
  Trial 14 | Epoch 21 | val_FM 0.0595
  Trial 14 | Epoch 22 | val_FM 0.0572
  Trial 14 | Epoch 23 | val_FM 0.0678
  Trial 14 | Epoch 24 | val_FM 0.0591
  Trial 14 | Epoch 25 | val_FM 0.0611
  Trial 14 | Epoch 26 | val_FM 0.0686
  Trial 14 | Epoch 27 | val_FM 0.0588
[I 2026-09-14 16:03:10,969] Trial 14 pruned. 
  Trial 17 | Epoch  0 | val_FM 0.1121
  Trial 17 | Epoch  1 | val_FM 0.0989
  Trial 17 | Epoch  2 | val_FM 0.0890
  Trial 17 | Epoch  3 | val_FM 0.0832
  Trial 17 | Epoch  4 | val_FM 0.0817
  Trial 17 | Epoch  5 | val_FM 0.0818
  Trial 17 | Epoch  6 | val_FM 0.0731
  Trial 17 | Epoch  7 | val_FM 0.0746
  Trial 17 | Epoch  8 | val_FM 0.0701
  Trial 17 | Epoch  9 | val_FM 0.0645
  Trial 17 | Epoch 10 | val_FM 0.0626
  Trial 17 | Epoch 11 | val_FM 0.0756
  Trial 17 | Epoch 12 | val_FM 0.0667
  Trial 17 | Epoch 13 | val_FM 0.0571
  Trial 17 | Epoch 14 | val_FM 0.0551
  Trial 17 | Epoch 15 | val_FM 0.0572
  Trial 17 | Epoch 16 | val_FM 0.0607
  Trial 17 | Epoch 17 | val_FM 0.0551
  Trial 17 | Epoch 18 | val_FM 0.0672
  Trial 17 | Epoch 19 | val_FM 0.0565
  Trial 17 | Epoch 20 | val_FM 0.0568
  Trial 17 | Epoch 21 | val_FM 0.0547
  Trial 17 | Epoch 22 | val_FM 0.0564
  Trial 17 | Epoch 23 | val_FM 0.0548
  Trial 17 | Epoch 24 | val_FM 0.0575
  Trial 17 | Epoch 25 | val_FM 0.0539
  Trial 17 | Epoch 26 | val_FM 0.0532
  Trial 17 | Epoch 27 | val_FM 0.0540
  Trial 17 | Epoch 28 | val_FM 0.0532
  Trial 17 | Epoch 29 | val_FM 0.0544
[I 2026-09-14 16:06:27,202] Trial 17 finished with value: 0.05319580419317765 and parameters: {'gru_hidden': 512, 'mlp_hidden': 128, 'lr': 0.000751560506600318, 'batch_size': 64, 'weight_decay': 2.8251366733455108e-05, 'dropout': 0.07476106462667527}. Best is trial 3 with value: 0.0518780355066916.
  Trial 21 | Epoch  0 | val_FM 0.1185
  Trial 21 | Epoch  1 | val_FM 0.0948
  Trial 21 | Epoch  2 | val_FM 0.0937
  Trial 21 | Epoch  3 | val_FM 0.0928
  Trial 21 | Epoch  4 | val_FM 0.0844
  Trial 21 | Epoch  5 | val_FM 0.0824
  Trial 21 | Epoch  6 | val_FM 0.0795
  Trial 21 | Epoch  7 | val_FM 0.0655
  Trial 21 | Epoch  8 | val_FM 0.0670
  Trial 21 | Epoch  9 | val_FM 0.0697
  Trial 21 | Epoch 10 | val_FM 0.0659
  Trial 21 | Epoch 11 | val_FM 0.0649
  Trial 21 | Epoch 12 | val_FM 0.0629
  Trial 21 | Epoch 13 | val_FM 0.0586
  Trial 21 | Epoch 14 | val_FM 0.0618
  Trial 21 | Epoch 15 | val_FM 0.0604
  Trial 21 | Epoch 16 | val_FM 0.0620
  Trial 21 | Epoch 17 | val_FM 0.0558
  Trial 21 | Epoch 18 | val_FM 0.0579
  Trial 21 | Epoch 19 | val_FM 0.0626
  Trial 21 | Epoch 20 | val_FM 0.0565
  Trial 21 | Epoch 21 | val_FM 0.0567
  Trial 21 | Epoch 22 | val_FM 0.0716
  Trial 21 | Epoch 23 | val_FM 0.0557
  Trial 21 | Epoch 24 | val_FM 0.0581
  Trial 21 | Epoch 25 | val_FM 0.0596
[I 2026-09-14 16:09:17,419] Trial 21 pruned. 
  Trial 25 | Epoch  0 | val_FM 0.1292
  Trial 25 | Epoch  1 | val_FM 0.1127
  Trial 25 | Epoch  2 | val_FM 0.0930
  Trial 25 | Epoch  3 | val_FM 0.0880
  Trial 25 | Epoch  4 | val_FM 0.0827
  Trial 25 | Epoch  5 | val_FM 0.0905
  Trial 25 | Epoch  6 | val_FM 0.0952
  Trial 25 | Epoch  7 | val_FM 0.0778
  Trial 25 | Epoch  8 | val_FM 0.0753
  Trial 25 | Epoch  9 | val_FM 0.0778
  Trial 25 | Epoch 10 | val_FM 0.0778
[I 2026-09-14 16:10:27,714] Trial 25 pruned. 
  Trial 26 | Epoch  0 | val_FM 0.1319
  Trial 26 | Epoch  1 | val_FM 0.1089
  Trial 26 | Epoch  2 | val_FM 0.0891
  Trial 26 | Epoch  3 | val_FM 0.0834
  Trial 26 | Epoch  4 | val_FM 0.0957
  Trial 26 | Epoch  5 | val_FM 0.0820
  Trial 26 | Epoch  6 | val_FM 0.0851
  Trial 26 | Epoch  7 | val_FM 0.0866
  Trial 26 | Epoch  8 | val_FM 0.0763
  Trial 26 | Epoch  9 | val_FM 0.0747
  Trial 26 | Epoch 10 | val_FM 0.0706
  Trial 26 | Epoch 11 | val_FM 0.0649
  Trial 26 | Epoch 12 | val_FM 0.0723
  Trial 26 | Epoch 13 | val_FM 0.0641
  Trial 26 | Epoch 14 | val_FM 0.0591
  Trial 26 | Epoch 15 | val_FM 0.0633
  Trial 26 | Epoch 16 | val_FM 0.0580
  Trial 26 | Epoch 17 | val_FM 0.0585
  Trial 26 | Epoch 18 | val_FM 0.0581
  Trial 26 | Epoch 19 | val_FM 0.0623
  Trial 26 | Epoch 20 | val_FM 0.0565
  Trial 26 | Epoch 21 | val_FM 0.0552
  Trial 26 | Epoch 22 | val_FM 0.0549
  Trial 26 | Epoch 23 | val_FM 0.0638
  Trial 26 | Epoch 24 | val_FM 0.0554
  Trial 26 | Epoch 25 | val_FM 0.0536
  Trial 26 | Epoch 26 | val_FM 0.0538
  Trial 26 | Epoch 27 | val_FM 0.0603
  Trial 26 | Epoch 28 | val_FM 0.0574
  Trial 26 | Epoch 29 | val_FM 0.0529
[I 2026-09-14 16:13:44,051] Trial 26 finished with value: 0.052858604897373644 and parameters: {'gru_hidden': 512, 'mlp_hidden': 256, 'lr': 0.00041280172149491326, 'batch_size': 64, 'weight_decay': 1.5621890614725745e-05, 'dropout': 0.14463320350345038}. Best is trial 3 with value: 0.0518780355066916.
  Trial 29 | Epoch  0 | val_FM 0.1279
  Trial 29 | Epoch  1 | val_FM 0.1164
  Trial 29 | Epoch  2 | val_FM 0.0936
  Trial 29 | Epoch  3 | val_FM 0.0923
  Trial 29 | Epoch  4 | val_FM 0.0819
  Trial 29 | Epoch  5 | val_FM 0.0836
  Trial 29 | Epoch  6 | val_FM 0.0815
  Trial 29 | Epoch  7 | val_FM 0.0801
  Trial 29 | Epoch  8 | val_FM 0.0783
[I 2026-09-14 16:14:45,621] Trial 29 pruned. 
  Trial 31 | Epoch  0 | val_FM 0.1457
  Trial 31 | Epoch  1 | val_FM 0.0976
  Trial 31 | Epoch  2 | val_FM 0.1155
  Trial 31 | Epoch  3 | val_FM 0.0837
  Trial 31 | Epoch  4 | val_FM 0.0791
  Trial 31 | Epoch  5 | val_FM 0.0821
  Trial 31 | Epoch  6 | val_FM 0.0723
  Trial 31 | Epoch  7 | val_FM 0.0652
  Trial 31 | Epoch  8 | val_FM 0.0649
  Trial 31 | Epoch  9 | val_FM 0.0654
  Trial 31 | Epoch 10 | val_FM 0.0626
  Trial 31 | Epoch 11 | val_FM 0.0651
  Trial 31 | Epoch 12 | val_FM 0.0603
  Trial 31 | Epoch 13 | val_FM 0.0573
  Trial 31 | Epoch 14 | val_FM 0.0637
  Trial 31 | Epoch 15 | val_FM 0.0556
  Trial 31 | Epoch 16 | val_FM 0.0586
  Trial 31 | Epoch 17 | val_FM 0.0619
  Trial 31 | Epoch 18 | val_FM 0.0544
  Trial 31 | Epoch 19 | val_FM 0.0564
  Trial 31 | Epoch 20 | val_FM 0.0571
  Trial 31 | Epoch 21 | val_FM 0.0581
  Trial 31 | Epoch 22 | val_FM 0.0539
  Trial 31 | Epoch 23 | val_FM 0.0624
  Trial 31 | Epoch 24 | val_FM 0.0538
  Trial 31 | Epoch 25 | val_FM 0.0534
  Trial 31 | Epoch 26 | val_FM 0.0557
  Trial 31 | Epoch 27 | val_FM 0.0563
  Trial 31 | Epoch 28 | val_FM 0.0589
  Trial 31 | Epoch 29 | val_FM 0.0555
[I 2026-09-14 16:17:56,468] Trial 31 finished with value: 0.05335869108101511 and parameters: {'gru_hidden': 512, 'mlp_hidden': 128, 'lr': 0.0008814124671714503, 'batch_size': 64, 'weight_decay': 2.6917892053924902e-05, 'dropout': 0.09667115193780883}. Best is trial 3 with value: 0.0518780355066916.
  Trial 36 | Epoch  0 | val_FM 0.1234
  Trial 36 | Epoch  1 | val_FM 0.0915
  Trial 36 | Epoch  2 | val_FM 0.0925
  Trial 36 | Epoch  3 | val_FM 0.0904
  Trial 36 | Epoch  4 | val_FM 0.0806
  Trial 36 | Epoch  5 | val_FM 0.0852
  Trial 36 | Epoch  6 | val_FM 0.0797
  Trial 36 | Epoch  7 | val_FM 0.0720
  Trial 36 | Epoch  8 | val_FM 0.0706
  Trial 36 | Epoch  9 | val_FM 0.0638
  Trial 36 | Epoch 10 | val_FM 0.0640
  Trial 36 | Epoch 11 | val_FM 0.0650
  Trial 36 | Epoch 12 | val_FM 0.0667
  Trial 36 | Epoch 13 | val_FM 0.0574
  Trial 36 | Epoch 14 | val_FM 0.0580
  Trial 36 | Epoch 15 | val_FM 0.0606
  Trial 36 | Epoch 16 | val_FM 0.0564
  Trial 36 | Epoch 17 | val_FM 0.0642
  Trial 36 | Epoch 18 | val_FM 0.0586
  Trial 36 | Epoch 19 | val_FM 0.0608
  Trial 36 | Epoch 20 | val_FM 0.0591
  Trial 36 | Epoch 21 | val_FM 0.0569
  Trial 36 | Epoch 22 | val_FM 0.0574
  Trial 36 | Epoch 23 | val_FM 0.0561
  Trial 36 | Epoch 24 | val_FM 0.0523
  Trial 36 | Epoch 25 | val_FM 0.0526
  Trial 36 | Epoch 26 | val_FM 0.0520
  Trial 36 | Epoch 27 | val_FM 0.0543
  Trial 36 | Epoch 28 | val_FM 0.0543
  Trial 36 | Epoch 29 | val_FM 0.0564
[I 2026-09-14 16:20:19,080] Trial 36 finished with value: 0.052007967034001755 and parameters: {'gru_hidden': 512, 'mlp_hidden': 256, 'lr': 0.0005833974745414442, 'batch_size': 64, 'weight_decay': 1.2138523397467128e-05, 'dropout': 0.1535358400254661}. Best is trial 3 with value: 0.0518780355066916.

=== Migliori iperparametri FM - Fase 3 ===
  gru_hidden: 256
  mlp_hidden: 128
  lr: 0.0003585794155087849
  batch_size: 32
  weight_decay: 2.5314946929205504e-05
  dropout: 0.10842905375567242
  best val_FM: 0.0519

Risultati salvati in /home/gemma/tesi/aquabot/src/net/Estimator/tuning/tuning_results/best_fm_phase3.txt
