Device: cuda | threads: 4
Tuning della SOLA FM (IM fissa). Metrica: val loss di FM.
=== FASE 2 | 8 trial (questo worker) | 20 epoche ===

Caricamento dataset...
Trovati 55 trial.
Dataset grezzo: 55 trial letti. Scaler e finestre costruiti in split_by_trial() (fit solo su train).
Normalizzatore caricato da /home/gemma/tesi/aquabot/src/net/Estimator/tuning/../../../../src/net/scaler/scalers_joint.pkl (nessun refit).
Dataset: 41225 campioni da 55 trial. H=20 P=1 | seq_cmd=(20, 1) seq_sens=(20, 2)
ctx_dim: 4

--- Fase 2, arch #1: gru=512, mlp=256 ---

[I 2026-09-14 15:11:05,850] Using an existing study with name 'fish_fm_phase2_arch1' instead of creating a new one.
  Trial 1 | Epoch  0 | val_FM 0.1390
  Trial 1 | Epoch  1 | val_FM 0.1362
  Trial 1 | Epoch  2 | val_FM 0.1293
  Trial 1 | Epoch  3 | val_FM 0.1081
  Trial 1 | Epoch  4 | val_FM 0.0988
  Trial 1 | Epoch  5 | val_FM 0.0971
  Trial 1 | Epoch  6 | val_FM 0.1007
  Trial 1 | Epoch  7 | val_FM 0.1023
  Trial 1 | Epoch  8 | val_FM 0.0924
  Trial 1 | Epoch  9 | val_FM 0.0884
  Trial 1 | Epoch 10 | val_FM 0.1033
  Trial 1 | Epoch 11 | val_FM 0.0982
  Trial 1 | Epoch 12 | val_FM 0.0955
  Trial 1 | Epoch 13 | val_FM 0.0976
  Trial 1 | Epoch 14 | val_FM 0.0965
  Trial 1 | Epoch 15 | val_FM 0.0931
  Trial 1 | Epoch 16 | val_FM 0.1038
  Trial 1 | Epoch 17 | val_FM 0.0882
  Trial 1 | Epoch 18 | val_FM 0.0920
  Trial 1 | Epoch 19 | val_FM 0.0911
[I 2026-09-14 15:14:24,551] Trial 1 finished with value: 0.08815033632773356 and parameters: {'lr': 0.0004123729419959552, 'batch_size': 32, 'weight_decay': 0.0012499369680422328, 'dropout': 0.11342289034297086}. Best is trial 0 with value: 0.07629169268747334.
  Trial 8 | Epoch  0 | val_FM 0.1570
  Trial 8 | Epoch  1 | val_FM 0.1338
  Trial 8 | Epoch  2 | val_FM 0.1338
  Trial 8 | Epoch  3 | val_FM 0.1229
  Trial 8 | Epoch  4 | val_FM 0.1069
  Trial 8 | Epoch  5 | val_FM 0.1358
[I 2026-09-14 15:14:47,917] Trial 8 pruned. 
  Trial 10 | Epoch  0 | val_FM 0.1262
  Trial 10 | Epoch  1 | val_FM 0.1190
  Trial 10 | Epoch  2 | val_FM 0.0961
  Trial 10 | Epoch  3 | val_FM 0.0939
  Trial 10 | Epoch  4 | val_FM 0.0838
  Trial 10 | Epoch  5 | val_FM 0.0890
  Trial 10 | Epoch  6 | val_FM 0.0900
  Trial 10 | Epoch  7 | val_FM 0.0824
  Trial 10 | Epoch  8 | val_FM 0.0804
  Trial 10 | Epoch  9 | val_FM 0.0818
  Trial 10 | Epoch 10 | val_FM 0.0850
  Trial 10 | Epoch 11 | val_FM 0.0785
  Trial 10 | Epoch 12 | val_FM 0.0842
  Trial 10 | Epoch 13 | val_FM 0.0821
  Trial 10 | Epoch 14 | val_FM 0.0797
  Trial 10 | Epoch 15 | val_FM 0.0807
  Trial 10 | Epoch 16 | val_FM 0.0809
  Trial 10 | Epoch 17 | val_FM 0.1040
  Trial 10 | Epoch 18 | val_FM 0.0821
  Trial 10 | Epoch 19 | val_FM 0.0888
[I 2026-09-14 15:18:47,152] Trial 10 finished with value: 0.07845865677675751 and parameters: {'lr': 0.0004704281271409351, 'batch_size': 32, 'weight_decay': 0.00030376075905365856, 'dropout': 0.011178133286369728}. Best is trial 7 with value: 0.05417336857892939.
  Trial 15 | Epoch  0 | val_FM 0.1162
  Trial 15 | Epoch  1 | val_FM 0.1112
  Trial 15 | Epoch  2 | val_FM 0.0878
  Trial 15 | Epoch  3 | val_FM 0.0799
  Trial 15 | Epoch  4 | val_FM 0.0794
  Trial 15 | Epoch  5 | val_FM 0.0783
  Trial 15 | Epoch  6 | val_FM 0.0655
  Trial 15 | Epoch  7 | val_FM 0.0639
  Trial 15 | Epoch  8 | val_FM 0.0610
  Trial 15 | Epoch  9 | val_FM 0.0610
  Trial 15 | Epoch 10 | val_FM 0.0570
  Trial 15 | Epoch 11 | val_FM 0.0589
  Trial 15 | Epoch 12 | val_FM 0.0564
  Trial 15 | Epoch 13 | val_FM 0.0586
  Trial 15 | Epoch 14 | val_FM 0.0580
  Trial 15 | Epoch 15 | val_FM 0.0576
  Trial 15 | Epoch 16 | val_FM 0.0603
  Trial 15 | Epoch 17 | val_FM 0.0564
  Trial 15 | Epoch 18 | val_FM 0.0543
  Trial 15 | Epoch 19 | val_FM 0.0547
[I 2026-09-14 15:20:38,472] Trial 15 finished with value: 0.054307665888926174 and parameters: {'lr': 0.0008347441989203522, 'batch_size': 64, 'weight_decay': 1.23828300085673e-05, 'dropout': 0.07015861439479924}. Best is trial 7 with value: 0.05417336857892939.
  Trial 18 | Epoch  0 | val_FM 0.1147
  Trial 18 | Epoch  1 | val_FM 0.0983
  Trial 18 | Epoch  2 | val_FM 0.1024
  Trial 18 | Epoch  3 | val_FM 0.0817
  Trial 18 | Epoch  4 | val_FM 0.0741
  Trial 18 | Epoch  5 | val_FM 0.0704
  Trial 18 | Epoch  6 | val_FM 0.0658
  Trial 18 | Epoch  7 | val_FM 0.0702
  Trial 18 | Epoch  8 | val_FM 0.0688
  Trial 18 | Epoch  9 | val_FM 0.0672
  Trial 18 | Epoch 10 | val_FM 0.0606
  Trial 18 | Epoch 11 | val_FM 0.0564
  Trial 18 | Epoch 12 | val_FM 0.0638
  Trial 18 | Epoch 13 | val_FM 0.0551
  Trial 18 | Epoch 14 | val_FM 0.0584
  Trial 18 | Epoch 15 | val_FM 0.0596
  Trial 18 | Epoch 16 | val_FM 0.0554
  Trial 18 | Epoch 17 | val_FM 0.0606
  Trial 18 | Epoch 18 | val_FM 0.0585
  Trial 18 | Epoch 19 | val_FM 0.0590
[I 2026-09-14 15:22:43,008] Trial 18 finished with value: 0.055077314127260954 and parameters: {'lr': 0.0007043390315324063, 'batch_size': 64, 'weight_decay': 1.0717252222316284e-05, 'dropout': 0.05683141462928877}. Best is trial 7 with value: 0.05417336857892939.
  Trial 22 | Epoch  0 | val_FM 0.1207
  Trial 22 | Epoch  1 | val_FM 0.1130
  Trial 22 | Epoch  2 | val_FM 0.0858
  Trial 22 | Epoch  3 | val_FM 0.0777
  Trial 22 | Epoch  4 | val_FM 0.0747
  Trial 22 | Epoch  5 | val_FM 0.0742
  Trial 22 | Epoch  6 | val_FM 0.0745
[I 2026-09-14 15:23:28,094] Trial 22 pruned. 
  Trial 25 | Epoch  0 | val_FM 0.1217
  Trial 25 | Epoch  1 | val_FM 0.0994
  Trial 25 | Epoch  2 | val_FM 0.0831
  Trial 25 | Epoch  3 | val_FM 0.0854
  Trial 25 | Epoch  4 | val_FM 0.0812
  Trial 25 | Epoch  5 | val_FM 0.0698
  Trial 25 | Epoch  6 | val_FM 0.0681
  Trial 25 | Epoch  7 | val_FM 0.0668
  Trial 25 | Epoch  8 | val_FM 0.0649
  Trial 25 | Epoch  9 | val_FM 0.0618
  Trial 25 | Epoch 10 | val_FM 0.0644
  Trial 25 | Epoch 11 | val_FM 0.0610
  Trial 25 | Epoch 12 | val_FM 0.0595
  Trial 25 | Epoch 13 | val_FM 0.0590
  Trial 25 | Epoch 14 | val_FM 0.0564
  Trial 25 | Epoch 15 | val_FM 0.0547
  Trial 25 | Epoch 16 | val_FM 0.0575
  Trial 25 | Epoch 17 | val_FM 0.0632
  Trial 25 | Epoch 18 | val_FM 0.0593
  Trial 25 | Epoch 19 | val_FM 0.0573
[I 2026-09-14 15:27:30,254] Trial 25 finished with value: 0.05465362422076649 and parameters: {'lr': 0.000550365664965804, 'batch_size': 32, 'weight_decay': 3.280719543868244e-05, 'dropout': 0.03173505526693674}. Best is trial 7 with value: 0.05417336857892939.
  Trial 29 | Epoch  0 | val_FM 0.1182
  Trial 29 | Epoch  1 | val_FM 0.1112
  Trial 29 | Epoch  2 | val_FM 0.0887
  Trial 29 | Epoch  3 | val_FM 0.1012
  Trial 29 | Epoch  4 | val_FM 0.0863
  Trial 29 | Epoch  5 | val_FM 0.0862
[I 2026-09-14 15:28:39,233] Trial 29 pruned. 

--- Fase 2, arch #2: gru=512, mlp=32 ---

[I 2026-09-14 15:28:39,236] Using an existing study with name 'fish_fm_phase2_arch2' instead of creating a new one.
  Trial 2 | Epoch  0 | val_FM 0.1807
  Trial 2 | Epoch  1 | val_FM 0.1687
  Trial 2 | Epoch  2 | val_FM 0.1764
  Trial 2 | Epoch  3 | val_FM 0.1622
  Trial 2 | Epoch  4 | val_FM 0.1588
  Trial 2 | Epoch  5 | val_FM 0.1601
  Trial 2 | Epoch  6 | val_FM 0.1576
  Trial 2 | Epoch  7 | val_FM 0.1565
  Trial 2 | Epoch  8 | val_FM 0.1514
  Trial 2 | Epoch  9 | val_FM 0.1540
  Trial 2 | Epoch 10 | val_FM 0.1493
  Trial 2 | Epoch 11 | val_FM 0.1436
  Trial 2 | Epoch 12 | val_FM 0.1474
  Trial 2 | Epoch 13 | val_FM 0.1460
  Trial 2 | Epoch 14 | val_FM 0.1405
  Trial 2 | Epoch 15 | val_FM 0.1424
  Trial 2 | Epoch 16 | val_FM 0.1413
  Trial 2 | Epoch 17 | val_FM 0.1417
  Trial 2 | Epoch 18 | val_FM 0.1394
  Trial 2 | Epoch 19 | val_FM 0.1407
[I 2026-09-14 15:32:38,060] Trial 2 finished with value: 0.13935868064949258 and parameters: {'lr': 0.0001936602907427502, 'batch_size': 32, 'weight_decay': 0.006379166105466989, 'dropout': 0.07776676132948179}. Best is trial 0 with value: 0.13646338027871513.
  Trial 6 | Epoch  0 | val_FM 0.1704
  Trial 6 | Epoch  1 | val_FM 0.1336
  Trial 6 | Epoch  2 | val_FM 0.1414
  Trial 6 | Epoch  3 | val_FM 0.1379
  Trial 6 | Epoch  4 | val_FM 0.1306
  Trial 6 | Epoch  5 | val_FM 0.1252
  Trial 6 | Epoch  6 | val_FM 0.1371
  Trial 6 | Epoch  7 | val_FM 0.1315
  Trial 6 | Epoch  8 | val_FM 0.1242
  Trial 6 | Epoch  9 | val_FM 0.1330
  Trial 6 | Epoch 10 | val_FM 0.1254
  Trial 6 | Epoch 11 | val_FM 0.1211
  Trial 6 | Epoch 12 | val_FM 0.1188
  Trial 6 | Epoch 13 | val_FM 0.1317
  Trial 6 | Epoch 14 | val_FM 0.1262
  Trial 6 | Epoch 15 | val_FM 0.1307
  Trial 6 | Epoch 16 | val_FM 0.1217
  Trial 6 | Epoch 17 | val_FM 0.1361
  Trial 6 | Epoch 18 | val_FM 0.1219
  Trial 6 | Epoch 19 | val_FM 0.1220
[I 2026-09-14 15:34:44,218] Trial 6 finished with value: 0.11875624052595858 and parameters: {'lr': 0.004585548948510327, 'batch_size': 64, 'weight_decay': 0.0035009747143165556, 'dropout': 0.030786574743935473}. Best is trial 5 with value: 0.07868818822619203.
  Trial 9 | Epoch  0 | val_FM 0.1341
  Trial 9 | Epoch  1 | val_FM 0.0994
  Trial 9 | Epoch  2 | val_FM 0.0925
  Trial 9 | Epoch  3 | val_FM 0.0991
  Trial 9 | Epoch  4 | val_FM 0.1007
  Trial 9 | Epoch  5 | val_FM 0.0839
  Trial 9 | Epoch  6 | val_FM 0.0817
  Trial 9 | Epoch  7 | val_FM 0.0728
  Trial 9 | Epoch  8 | val_FM 0.0735
  Trial 9 | Epoch  9 | val_FM 0.0665
  Trial 9 | Epoch 10 | val_FM 0.0672
  Trial 9 | Epoch 11 | val_FM 0.0667
  Trial 9 | Epoch 12 | val_FM 0.0691
  Trial 9 | Epoch 13 | val_FM 0.0640
  Trial 9 | Epoch 14 | val_FM 0.0630
  Trial 9 | Epoch 15 | val_FM 0.0599
  Trial 9 | Epoch 16 | val_FM 0.0673
  Trial 9 | Epoch 17 | val_FM 0.0598
  Trial 9 | Epoch 18 | val_FM 0.0665
  Trial 9 | Epoch 19 | val_FM 0.0652
[I 2026-09-14 15:35:51,920] Trial 9 finished with value: 0.059802726963414 and parameters: {'lr': 0.0015382708988356197, 'batch_size': 128, 'weight_decay': 4.002988758329429e-05, 'dropout': 0.146281307662803}. Best is trial 9 with value: 0.059802726963414.
  Trial 12 | Epoch  0 | val_FM 0.1661
  Trial 12 | Epoch  1 | val_FM 0.1251
  Trial 12 | Epoch  2 | val_FM 0.1171
  Trial 12 | Epoch  3 | val_FM 0.1043
  Trial 12 | Epoch  4 | val_FM 0.1043
  Trial 12 | Epoch  5 | val_FM 0.0982
  Trial 12 | Epoch  6 | val_FM 0.0902
  Trial 12 | Epoch  7 | val_FM 0.0852
  Trial 12 | Epoch  8 | val_FM 0.0905
  Trial 12 | Epoch  9 | val_FM 0.0797
  Trial 12 | Epoch 10 | val_FM 0.0791
  Trial 12 | Epoch 11 | val_FM 0.0821
  Trial 12 | Epoch 12 | val_FM 0.0807
  Trial 12 | Epoch 13 | val_FM 0.0766
  Trial 12 | Epoch 14 | val_FM 0.0761
  Trial 12 | Epoch 15 | val_FM 0.0774
  Trial 12 | Epoch 16 | val_FM 0.0795
  Trial 12 | Epoch 17 | val_FM 0.0757
  Trial 12 | Epoch 18 | val_FM 0.0805
  Trial 12 | Epoch 19 | val_FM 0.0759
[I 2026-09-14 15:38:00,857] Trial 12 finished with value: 0.07571485147391464 and parameters: {'lr': 0.00018140102921756324, 'batch_size': 64, 'weight_decay': 8.480552722328907e-05, 'dropout': 0.07032509315508247}. Best is trial 9 with value: 0.059802726963414.
  Trial 16 | Epoch  0 | val_FM 0.1264
  Trial 16 | Epoch  1 | val_FM 0.0898
  Trial 16 | Epoch  2 | val_FM 0.0829
  Trial 16 | Epoch  3 | val_FM 0.0756
  Trial 16 | Epoch  4 | val_FM 0.0939
  Trial 16 | Epoch  5 | val_FM 0.0776
  Trial 16 | Epoch  6 | val_FM 0.0834
  Trial 16 | Epoch  7 | val_FM 0.0749
  Trial 16 | Epoch  8 | val_FM 0.0707
  Trial 16 | Epoch  9 | val_FM 0.0648
  Trial 16 | Epoch 10 | val_FM 0.0709
  Trial 16 | Epoch 11 | val_FM 0.0682
  Trial 16 | Epoch 12 | val_FM 0.0696
  Trial 16 | Epoch 13 | val_FM 0.0700
  Trial 16 | Epoch 14 | val_FM 0.0685
  Trial 16 | Epoch 15 | val_FM 0.0751
  Trial 16 | Epoch 16 | val_FM 0.0692
  Trial 16 | Epoch 17 | val_FM 0.0644
  Trial 16 | Epoch 18 | val_FM 0.0707
  Trial 16 | Epoch 19 | val_FM 0.0617
[I 2026-09-14 15:39:09,303] Trial 16 finished with value: 0.06169878647892506 and parameters: {'lr': 0.004438352861154093, 'batch_size': 128, 'weight_decay': 1.3262909411858069e-05, 'dropout': 0.1813098441789926}. Best is trial 9 with value: 0.059802726963414.
  Trial 20 | Epoch  0 | val_FM 0.1544
  Trial 20 | Epoch  1 | val_FM 0.1241
  Trial 20 | Epoch  2 | val_FM 0.1176
  Trial 20 | Epoch  3 | val_FM 0.1164
  Trial 20 | Epoch  4 | val_FM 0.1027
  Trial 20 | Epoch  5 | val_FM 0.1104
  Trial 20 | Epoch  6 | val_FM 0.1103
[I 2026-09-14 15:39:33,102] Trial 20 pruned. 
  Trial 23 | Epoch  0 | val_FM 0.1426
  Trial 23 | Epoch  1 | val_FM 0.1221
  Trial 23 | Epoch  2 | val_FM 0.1040
  Trial 23 | Epoch  3 | val_FM 0.1058
  Trial 23 | Epoch  4 | val_FM 0.0932
  Trial 23 | Epoch  5 | val_FM 0.0883
  Trial 23 | Epoch  6 | val_FM 0.0922
  Trial 23 | Epoch  7 | val_FM 0.0877
  Trial 23 | Epoch  8 | val_FM 0.0853
  Trial 23 | Epoch  9 | val_FM 0.0814
  Trial 23 | Epoch 10 | val_FM 0.0701
  Trial 23 | Epoch 11 | val_FM 0.0742
  Trial 23 | Epoch 12 | val_FM 0.0703
  Trial 23 | Epoch 13 | val_FM 0.0837
  Trial 23 | Epoch 14 | val_FM 0.0690
  Trial 23 | Epoch 15 | val_FM 0.0635
  Trial 23 | Epoch 16 | val_FM 0.0694
  Trial 23 | Epoch 17 | val_FM 0.0654
  Trial 23 | Epoch 18 | val_FM 0.0662
  Trial 23 | Epoch 19 | val_FM 0.0638
[I 2026-09-14 15:40:41,868] Trial 23 finished with value: 0.0634783941816974 and parameters: {'lr': 0.0013524933045380386, 'batch_size': 128, 'weight_decay': 4.113364277332192e-05, 'dropout': 0.15537934000325676}. Best is trial 22 with value: 0.05964080361625204.
  Trial 26 | Epoch  0 | val_FM 0.1310
  Trial 26 | Epoch  1 | val_FM 0.0984
  Trial 26 | Epoch  2 | val_FM 0.0916
  Trial 26 | Epoch  3 | val_FM 0.0954
  Trial 26 | Epoch  4 | val_FM 0.0795
  Trial 26 | Epoch  5 | val_FM 0.0803
  Trial 26 | Epoch  6 | val_FM 0.0765
  Trial 26 | Epoch  7 | val_FM 0.0653
  Trial 26 | Epoch  8 | val_FM 0.0704
  Trial 26 | Epoch  9 | val_FM 0.0702
  Trial 26 | Epoch 10 | val_FM 0.0622
  Trial 26 | Epoch 11 | val_FM 0.0650
  Trial 26 | Epoch 12 | val_FM 0.0663
  Trial 26 | Epoch 13 | val_FM 0.0674
  Trial 26 | Epoch 14 | val_FM 0.0661
  Trial 26 | Epoch 15 | val_FM 0.0635
  Trial 26 | Epoch 16 | val_FM 0.0692
  Trial 26 | Epoch 17 | val_FM 0.0648
  Trial 26 | Epoch 18 | val_FM 0.0631
  Trial 26 | Epoch 19 | val_FM 0.0617
[I 2026-09-14 15:41:50,322] Trial 26 finished with value: 0.06174561576071111 and parameters: {'lr': 0.0015877391391036155, 'batch_size': 128, 'weight_decay': 2.6273869368641242e-05, 'dropout': 0.13531480900170234}. Best is trial 24 with value: 0.05776127084315597.

=== Migliori iperparametri FM - Fase 2 ===
  lr: 0.0015660198460898667
  batch_size: 128
  weight_decay: 2.8065380669496887e-05
  dropout: 0.15832727016608442
  best val_FM: 0.0578

Risultati salvati in /home/gemma/tesi/aquabot/src/net/Estimator/tuning/tuning_results/best_fm_phase2.txt
