Device: cuda | threads: 4
Tuning della SOLA FM (IM fissa). Metrica: val loss di FM.
=== FASE 2 | 8 trial (questo worker) | 20 epoche ===

Caricamento dataset...
Trovati 55 trial.
Dataset grezzo: 55 trial letti. Scaler e finestre costruiti in split_by_trial() (fit solo su train).
Normalizzatore caricato da /home/gemma/tesi/aquabot/src/net/Estimator/tuning/../../../../src/net/scaler/scalers_joint.pkl (nessun refit).
Dataset: 41225 campioni da 55 trial. H=20 P=1 | seq_cmd=(20, 1) seq_sens=(20, 2)
ctx_dim: 4

--- Fase 2, arch #1: gru=512, mlp=256 ---

[I 2026-09-14 15:11:09,923] Using an existing study with name 'fish_fm_phase2_arch1' instead of creating a new one.
  Trial 3 | Epoch  0 | val_FM 0.1405
  Trial 3 | Epoch  1 | val_FM 0.1203
  Trial 3 | Epoch  2 | val_FM 0.1099
  Trial 3 | Epoch  3 | val_FM 0.1022
  Trial 3 | Epoch  4 | val_FM 0.0963
  Trial 3 | Epoch  5 | val_FM 0.0922
  Trial 3 | Epoch  6 | val_FM 0.0964
  Trial 3 | Epoch  7 | val_FM 0.0953
  Trial 3 | Epoch  8 | val_FM 0.0890
  Trial 3 | Epoch  9 | val_FM 0.0839
  Trial 3 | Epoch 10 | val_FM 0.0884
  Trial 3 | Epoch 11 | val_FM 0.0964
  Trial 3 | Epoch 12 | val_FM 0.0853
  Trial 3 | Epoch 13 | val_FM 0.0884
  Trial 3 | Epoch 14 | val_FM 0.0885
  Trial 3 | Epoch 15 | val_FM 0.0923
  Trial 3 | Epoch 16 | val_FM 0.0893
  Trial 3 | Epoch 17 | val_FM 0.0847
  Trial 3 | Epoch 18 | val_FM 0.0858
  Trial 3 | Epoch 19 | val_FM 0.0836
[I 2026-09-14 15:12:12,479] Trial 3 finished with value: 0.08358533707048212 and parameters: {'lr': 0.00035009463795036014, 'batch_size': 128, 'weight_decay': 0.0008944062703720863, 'dropout': 0.002717646693493031}. Best is trial 3 with value: 0.08358533707048212.
  Trial 4 | Epoch  0 | val_FM 0.1762
  Trial 4 | Epoch  1 | val_FM 0.1650
  Trial 4 | Epoch  2 | val_FM 0.1565
  Trial 4 | Epoch  3 | val_FM 0.1662
  Trial 4 | Epoch  4 | val_FM 0.1519
  Trial 4 | Epoch  5 | val_FM 0.1536
  Trial 4 | Epoch  6 | val_FM 0.1550
  Trial 4 | Epoch  7 | val_FM 0.1471
  Trial 4 | Epoch  8 | val_FM 0.1537
  Trial 4 | Epoch  9 | val_FM 0.1489
  Trial 4 | Epoch 10 | val_FM 0.1482
  Trial 4 | Epoch 11 | val_FM 0.1528
  Trial 4 | Epoch 12 | val_FM 0.1505
  Trial 4 | Epoch 13 | val_FM 0.1511
  Trial 4 | Epoch 14 | val_FM 0.1465
  Trial 4 | Epoch 15 | val_FM 0.1533
[I 2026-09-14 15:14:36,704] Trial 4 pruned. 
  Trial 9 | Epoch  0 | val_FM 0.1850
  Trial 9 | Epoch  1 | val_FM 0.1361
  Trial 9 | Epoch  2 | val_FM 0.1291
  Trial 9 | Epoch  3 | val_FM 0.1312
  Trial 9 | Epoch  4 | val_FM 0.1233
  Trial 9 | Epoch  5 | val_FM 0.1273
[I 2026-09-14 15:14:57,564] Trial 9 pruned. 
  Trial 11 | Epoch  0 | val_FM 0.1457
  Trial 11 | Epoch  1 | val_FM 0.1176
  Trial 11 | Epoch  2 | val_FM 0.1100
  Trial 11 | Epoch  3 | val_FM 0.1051
  Trial 11 | Epoch  4 | val_FM 0.0895
  Trial 11 | Epoch  5 | val_FM 0.0939
  Trial 11 | Epoch  6 | val_FM 0.0860
  Trial 11 | Epoch  7 | val_FM 0.0864
  Trial 11 | Epoch  8 | val_FM 0.0854
  Trial 11 | Epoch  9 | val_FM 0.0858
  Trial 11 | Epoch 10 | val_FM 0.0797
  Trial 11 | Epoch 11 | val_FM 0.0792
  Trial 11 | Epoch 12 | val_FM 0.0785
  Trial 11 | Epoch 13 | val_FM 0.0875
  Trial 11 | Epoch 14 | val_FM 0.0784
  Trial 11 | Epoch 15 | val_FM 0.0798
  Trial 11 | Epoch 16 | val_FM 0.0788
  Trial 11 | Epoch 17 | val_FM 0.0770
  Trial 11 | Epoch 18 | val_FM 0.0759
  Trial 11 | Epoch 19 | val_FM 0.0771
[I 2026-09-14 15:18:58,301] Trial 11 finished with value: 0.07585665089551542 and parameters: {'lr': 0.00014047000835870345, 'batch_size': 32, 'weight_decay': 5.064035016596145e-05, 'dropout': 0.30507465721128496}. Best is trial 7 with value: 0.05417336857892939.
  Trial 17 | Epoch  0 | val_FM 0.1252
  Trial 17 | Epoch  1 | val_FM 0.0980
  Trial 17 | Epoch  2 | val_FM 0.0987
  Trial 17 | Epoch  3 | val_FM 0.0966
  Trial 17 | Epoch  4 | val_FM 0.0799
  Trial 17 | Epoch  5 | val_FM 0.0718
  Trial 17 | Epoch  6 | val_FM 0.0753
  Trial 17 | Epoch  7 | val_FM 0.0779
  Trial 17 | Epoch  8 | val_FM 0.0647
  Trial 17 | Epoch  9 | val_FM 0.0663
  Trial 17 | Epoch 10 | val_FM 0.0641
  Trial 17 | Epoch 11 | val_FM 0.0636
  Trial 17 | Epoch 12 | val_FM 0.0680
  Trial 17 | Epoch 13 | val_FM 0.0616
  Trial 17 | Epoch 14 | val_FM 0.0624
  Trial 17 | Epoch 15 | val_FM 0.0597
  Trial 17 | Epoch 16 | val_FM 0.0610
  Trial 17 | Epoch 17 | val_FM 0.0593
  Trial 17 | Epoch 18 | val_FM 0.0617
  Trial 17 | Epoch 19 | val_FM 0.0569
[I 2026-09-14 15:20:47,443] Trial 17 finished with value: 0.05685157088404582 and parameters: {'lr': 0.0007799543799105862, 'batch_size': 64, 'weight_decay': 1.3189501639012032e-05, 'dropout': 0.3455042202135893}. Best is trial 7 with value: 0.05417336857892939.
  Trial 19 | Epoch  0 | val_FM 0.1097
  Trial 19 | Epoch  1 | val_FM 0.1056
  Trial 19 | Epoch  2 | val_FM 0.0886
  Trial 19 | Epoch  3 | val_FM 0.0868
  Trial 19 | Epoch  4 | val_FM 0.0735
  Trial 19 | Epoch  5 | val_FM 0.0768
  Trial 19 | Epoch  6 | val_FM 0.0725
  Trial 19 | Epoch  7 | val_FM 0.0651
  Trial 19 | Epoch  8 | val_FM 0.0675
  Trial 19 | Epoch  9 | val_FM 0.0662
  Trial 19 | Epoch 10 | val_FM 0.0662
  Trial 19 | Epoch 11 | val_FM 0.0637
  Trial 19 | Epoch 12 | val_FM 0.0634
  Trial 19 | Epoch 13 | val_FM 0.0688
  Trial 19 | Epoch 14 | val_FM 0.0592
  Trial 19 | Epoch 15 | val_FM 0.0636
  Trial 19 | Epoch 16 | val_FM 0.0824
  Trial 19 | Epoch 17 | val_FM 0.0577
  Trial 19 | Epoch 18 | val_FM 0.0594
  Trial 19 | Epoch 19 | val_FM 0.0573
[I 2026-09-14 15:22:55,568] Trial 19 finished with value: 0.057251231422270434 and parameters: {'lr': 0.0020552042199322934, 'batch_size': 64, 'weight_decay': 5.5842041920939056e-05, 'dropout': 0.05409698962871087}. Best is trial 7 with value: 0.05417336857892939.
  Trial 23 | Epoch  0 | val_FM 0.1309
  Trial 23 | Epoch  1 | val_FM 0.1034
  Trial 23 | Epoch  2 | val_FM 0.0927
  Trial 23 | Epoch  3 | val_FM 0.0834
  Trial 23 | Epoch  4 | val_FM 0.0853
  Trial 23 | Epoch  5 | val_FM 0.0711
  Trial 23 | Epoch  6 | val_FM 0.0672
  Trial 23 | Epoch  7 | val_FM 0.0698
  Trial 23 | Epoch  8 | val_FM 0.0750
  Trial 23 | Epoch  9 | val_FM 0.0722
  Trial 23 | Epoch 10 | val_FM 0.0673
[I 2026-09-14 15:24:05,032] Trial 23 pruned. 
  Trial 26 | Epoch  0 | val_FM 0.1124
  Trial 26 | Epoch  1 | val_FM 0.1014
  Trial 26 | Epoch  2 | val_FM 0.0891
  Trial 26 | Epoch  3 | val_FM 0.0802
  Trial 26 | Epoch  4 | val_FM 0.0706
  Trial 26 | Epoch  5 | val_FM 0.0699
  Trial 26 | Epoch  6 | val_FM 0.0645
  Trial 26 | Epoch  7 | val_FM 0.0642
  Trial 26 | Epoch  8 | val_FM 0.0693
  Trial 26 | Epoch  9 | val_FM 0.0592
  Trial 26 | Epoch 10 | val_FM 0.0573
  Trial 26 | Epoch 11 | val_FM 0.0738
  Trial 26 | Epoch 12 | val_FM 0.0589
  Trial 26 | Epoch 13 | val_FM 0.0594
  Trial 26 | Epoch 14 | val_FM 0.0612
  Trial 26 | Epoch 15 | val_FM 0.0544
  Trial 26 | Epoch 16 | val_FM 0.0615
  Trial 26 | Epoch 17 | val_FM 0.0616
  Trial 26 | Epoch 18 | val_FM 0.0565
  Trial 26 | Epoch 19 | val_FM 0.0568
[I 2026-09-14 15:28:08,036] Trial 26 finished with value: 0.05440882019332198 and parameters: {'lr': 0.0005732803233974201, 'batch_size': 32, 'weight_decay': 2.651156404694558e-05, 'dropout': 0.08859040951854943}. Best is trial 7 with value: 0.05417336857892939.

--- Fase 2, arch #2: gru=512, mlp=32 ---

[I 2026-09-14 15:28:08,038] Using an existing study with name 'fish_fm_phase2_arch2' instead of creating a new one.
  Trial 1 | Epoch  0 | val_FM 0.2201
  Trial 1 | Epoch  1 | val_FM 0.2086
  Trial 1 | Epoch  2 | val_FM 0.2188
  Trial 1 | Epoch  3 | val_FM 0.1971
  Trial 1 | Epoch  4 | val_FM 0.2165
  Trial 1 | Epoch  5 | val_FM 0.2045
  Trial 1 | Epoch  6 | val_FM 0.2017
  Trial 1 | Epoch  7 | val_FM 0.2031
  Trial 1 | Epoch  8 | val_FM 0.1965
  Trial 1 | Epoch  9 | val_FM 0.2072
  Trial 1 | Epoch 10 | val_FM 0.2107
  Trial 1 | Epoch 11 | val_FM 0.2013
  Trial 1 | Epoch 12 | val_FM 0.2107
  Trial 1 | Epoch 13 | val_FM 0.2016
  Trial 1 | Epoch 14 | val_FM 0.2052
  Trial 1 | Epoch 15 | val_FM 0.2129
  Trial 1 | Epoch 16 | val_FM 0.2043
  Trial 1 | Epoch 17 | val_FM 0.1955
  Trial 1 | Epoch 18 | val_FM 0.2051
  Trial 1 | Epoch 19 | val_FM 0.2071
[I 2026-09-14 15:32:03,733] Trial 1 finished with value: 0.19552039223738382 and parameters: {'lr': 0.001369044009767547, 'batch_size': 32, 'weight_decay': 0.04308530076607868, 'dropout': 0.0013425222341150011}. Best is trial 0 with value: 0.13646338027871513.
  Trial 5 | Epoch  0 | val_FM 0.1922
  Trial 5 | Epoch  1 | val_FM 0.1275
  Trial 5 | Epoch  2 | val_FM 0.1119
  Trial 5 | Epoch  3 | val_FM 0.1011
  Trial 5 | Epoch  4 | val_FM 0.0986
  Trial 5 | Epoch  5 | val_FM 0.1034
  Trial 5 | Epoch  6 | val_FM 0.0901
  Trial 5 | Epoch  7 | val_FM 0.0920
  Trial 5 | Epoch  8 | val_FM 0.1047
  Trial 5 | Epoch  9 | val_FM 0.0916
  Trial 5 | Epoch 10 | val_FM 0.0883
  Trial 5 | Epoch 11 | val_FM 0.1010
  Trial 5 | Epoch 12 | val_FM 0.0939
  Trial 5 | Epoch 13 | val_FM 0.0861
  Trial 5 | Epoch 14 | val_FM 0.0964
  Trial 5 | Epoch 15 | val_FM 0.0906
  Trial 5 | Epoch 16 | val_FM 0.0875
  Trial 5 | Epoch 17 | val_FM 0.0828
  Trial 5 | Epoch 18 | val_FM 0.0832
  Trial 5 | Epoch 19 | val_FM 0.0787
[I 2026-09-14 15:33:10,832] Trial 5 finished with value: 0.07868818822619203 and parameters: {'lr': 0.0006378673116539648, 'batch_size': 128, 'weight_decay': 3.843660455528298e-05, 'dropout': 0.2583421179561409}. Best is trial 5 with value: 0.07868818822619203.
  Trial 7 | Epoch  0 | val_FM 0.1335
  Trial 7 | Epoch  1 | val_FM 0.1088
  Trial 7 | Epoch  2 | val_FM 0.0983
  Trial 7 | Epoch  3 | val_FM 0.0863
  Trial 7 | Epoch  4 | val_FM 0.0907
  Trial 7 | Epoch  5 | val_FM 0.0862
  Trial 7 | Epoch  6 | val_FM 0.0891
  Trial 7 | Epoch  7 | val_FM 0.0841
  Trial 7 | Epoch  8 | val_FM 0.0792
  Trial 7 | Epoch  9 | val_FM 0.0839
  Trial 7 | Epoch 10 | val_FM 0.0787
  Trial 7 | Epoch 11 | val_FM 0.0823
  Trial 7 | Epoch 12 | val_FM 0.0778
  Trial 7 | Epoch 13 | val_FM 0.0862
  Trial 7 | Epoch 14 | val_FM 0.0664
  Trial 7 | Epoch 15 | val_FM 0.0663
  Trial 7 | Epoch 16 | val_FM 0.0687
  Trial 7 | Epoch 17 | val_FM 0.0698
  Trial 7 | Epoch 18 | val_FM 0.0691
  Trial 7 | Epoch 19 | val_FM 0.0639
[I 2026-09-14 15:35:17,263] Trial 7 finished with value: 0.06391845445081688 and parameters: {'lr': 0.000501501290684872, 'batch_size': 64, 'weight_decay': 3.708504484485514e-05, 'dropout': 0.13190101442484}. Best is trial 7 with value: 0.06391845445081688.
  Trial 10 | Epoch  0 | val_FM 0.1536
  Trial 10 | Epoch  1 | val_FM 0.1371
  Trial 10 | Epoch  2 | val_FM 0.1307
  Trial 10 | Epoch  3 | val_FM 0.1167
  Trial 10 | Epoch  4 | val_FM 0.1196
  Trial 10 | Epoch  5 | val_FM 0.1059
  Trial 10 | Epoch  6 | val_FM 0.1052
  Trial 10 | Epoch  7 | val_FM 0.1072
  Trial 10 | Epoch  8 | val_FM 0.1002
  Trial 10 | Epoch  9 | val_FM 0.1049
  Trial 10 | Epoch 10 | val_FM 0.0986
  Trial 10 | Epoch 11 | val_FM 0.1097
  Trial 10 | Epoch 12 | val_FM 0.0937
  Trial 10 | Epoch 13 | val_FM 0.0968
  Trial 10 | Epoch 14 | val_FM 0.0959
  Trial 10 | Epoch 15 | val_FM 0.0960
  Trial 10 | Epoch 16 | val_FM 0.0944
  Trial 10 | Epoch 17 | val_FM 0.0993
  Trial 10 | Epoch 18 | val_FM 0.0894
  Trial 10 | Epoch 19 | val_FM 0.0958
[I 2026-09-14 15:36:26,229] Trial 10 finished with value: 0.08941637003770123 and parameters: {'lr': 0.0009794433045964552, 'batch_size': 128, 'weight_decay': 0.0009144314412243456, 'dropout': 0.08709047318395341}. Best is trial 9 with value: 0.059802726963414.
  Trial 14 | Epoch  0 | val_FM 0.1526
  Trial 14 | Epoch  1 | val_FM 0.1133
  Trial 14 | Epoch  2 | val_FM 0.1007
  Trial 14 | Epoch  3 | val_FM 0.0993
  Trial 14 | Epoch  4 | val_FM 0.0936
  Trial 14 | Epoch  5 | val_FM 0.0850
  Trial 14 | Epoch  6 | val_FM 0.0872
  Trial 14 | Epoch  7 | val_FM 0.0952
  Trial 14 | Epoch  8 | val_FM 0.0868
  Trial 14 | Epoch  9 | val_FM 0.0846
  Trial 14 | Epoch 10 | val_FM 0.0826
  Trial 14 | Epoch 11 | val_FM 0.0779
  Trial 14 | Epoch 12 | val_FM 0.0796
  Trial 14 | Epoch 13 | val_FM 0.0808
  Trial 14 | Epoch 14 | val_FM 0.0779
  Trial 14 | Epoch 15 | val_FM 0.0741
  Trial 14 | Epoch 16 | val_FM 0.0792
  Trial 14 | Epoch 17 | val_FM 0.0750
  Trial 14 | Epoch 18 | val_FM 0.0696
  Trial 14 | Epoch 19 | val_FM 0.0779
[I 2026-09-14 15:38:32,192] Trial 14 finished with value: 0.06962810661887227 and parameters: {'lr': 0.00032838997160736434, 'batch_size': 64, 'weight_decay': 1.7905088064723396e-05, 'dropout': 0.1774276122224535}. Best is trial 9 with value: 0.059802726963414.
  Trial 17 | Epoch  0 | val_FM 0.1526
  Trial 17 | Epoch  1 | val_FM 0.1079
  Trial 17 | Epoch  2 | val_FM 0.1286
  Trial 17 | Epoch  3 | val_FM 0.1066
  Trial 17 | Epoch  4 | val_FM 0.1018
  Trial 17 | Epoch  5 | val_FM 0.1004
  Trial 17 | Epoch  6 | val_FM 0.1160
[I 2026-09-14 15:38:57,571] Trial 17 pruned. 
  Trial 19 | Epoch  0 | val_FM 0.1722
  Trial 19 | Epoch  1 | val_FM 0.1357
  Trial 19 | Epoch  2 | val_FM 0.1227
  Trial 19 | Epoch  3 | val_FM 0.1218
  Trial 19 | Epoch  4 | val_FM 0.1240
  Trial 19 | Epoch  5 | val_FM 0.1167
[I 2026-09-14 15:39:19,162] Trial 19 pruned. 
  Trial 22 | Epoch  0 | val_FM 0.1580
  Trial 22 | Epoch  1 | val_FM 0.1037
  Trial 22 | Epoch  2 | val_FM 0.0955
  Trial 22 | Epoch  3 | val_FM 0.0903
  Trial 22 | Epoch  4 | val_FM 0.0873
  Trial 22 | Epoch  5 | val_FM 0.0899
  Trial 22 | Epoch  6 | val_FM 0.0914
  Trial 22 | Epoch  7 | val_FM 0.0819
  Trial 22 | Epoch  8 | val_FM 0.0673
  Trial 22 | Epoch  9 | val_FM 0.0778
  Trial 22 | Epoch 10 | val_FM 0.0652
  Trial 22 | Epoch 11 | val_FM 0.0719
  Trial 22 | Epoch 12 | val_FM 0.0673
  Trial 22 | Epoch 13 | val_FM 0.0674
  Trial 22 | Epoch 14 | val_FM 0.0688
  Trial 22 | Epoch 15 | val_FM 0.0624
  Trial 22 | Epoch 16 | val_FM 0.0735
  Trial 22 | Epoch 17 | val_FM 0.0678
  Trial 22 | Epoch 18 | val_FM 0.0598
  Trial 22 | Epoch 19 | val_FM 0.0596
[I 2026-09-14 15:40:27,289] Trial 22 finished with value: 0.05964080361625204 and parameters: {'lr': 0.0013409340483248153, 'batch_size': 128, 'weight_decay': 3.653088571137989e-05, 'dropout': 0.14349346380852565}. Best is trial 22 with value: 0.05964080361625204.

=== Migliori iperparametri FM - Fase 2 ===
  lr: 0.0013409340483248153
  batch_size: 128
  weight_decay: 3.653088571137989e-05
  dropout: 0.14349346380852565
  best val_FM: 0.0596

Risultati salvati in /home/gemma/tesi/aquabot/src/net/Estimator/tuning/tuning_results/best_fm_phase2.txt
