Device: cuda | threads: 4
Tuning della SOLA FM (IM fissa). Metrica: val loss di FM.
=== FASE 1 | 4 trial (questo worker) | 20 epoche ===

Caricamento dataset...
Trovati 55 trial.
Dataset grezzo: 55 trial letti. Scaler e finestre costruiti in split_by_trial() (fit solo su train).
Normalizzatore caricato da /home/gemma/tesi/aquabot/src/net/Estimator/tuning/../../../../src/net/scaler/scalers_joint.pkl (nessun refit).
Dataset: 41225 campioni da 55 trial. H=20 P=1 | seq_cmd=(20, 1) seq_sens=(20, 2)
ctx_dim: 4
[I 2026-09-14 13:26:37,915] Using an existing study with name 'fish_fm_phase1' instead of creating a new one.
[W 2026-09-14 13:26:38,019] `GridSampler` is re-evaluating a configuration because the grid has been exhausted. This may happen due to a timing issue during distributed optimization or when re-running optimizations on already finished studies.
[W 2026-09-14 13:26:38,045] `GridSampler` is re-evaluating a configuration because the grid has been exhausted. This may happen due to a timing issue during distributed optimization or when re-running optimizations on already finished studies.
[W 2026-09-14 13:26:38,067] `GridSampler` is re-evaluating a configuration because the grid has been exhausted. This may happen due to a timing issue during distributed optimization or when re-running optimizations on already finished studies.
[W 2026-09-14 13:26:38,099] `GridSampler` is re-evaluating a configuration because the grid has been exhausted. This may happen due to a timing issue during distributed optimization or when re-running optimizations on already finished studies.
  Trial 23 | Epoch  0 | val_FM 0.1014
  Trial 20 | Epoch  0 | val_FM 0.1249
  Trial 21 | Epoch  0 | val_FM 0.1194
  Trial 22 | Epoch  0 | val_FM 0.1145
  Trial 20 | Epoch  1 | val_FM 0.0989
  Trial 23 | Epoch  1 | val_FM 0.0910
  Trial 21 | Epoch  1 | val_FM 0.0997
  Trial 20 | Epoch  2 | val_FM 0.0910
  Trial 23 | Epoch  2 | val_FM 0.0870
  Trial 21 | Epoch  2 | val_FM 0.0927
  Trial 22 | Epoch  1 | val_FM 0.0942
  Trial 20 | Epoch  3 | val_FM 0.0852
  Trial 23 | Epoch  3 | val_FM 0.0754
  Trial 21 | Epoch  3 | val_FM 0.0930
  Trial 20 | Epoch  4 | val_FM 0.0806
  Trial 23 | Epoch  4 | val_FM 0.0703
  Trial 22 | Epoch  2 | val_FM 0.0901
  Trial 21 | Epoch  4 | val_FM 0.0814
  Trial 20 | Epoch  5 | val_FM 0.0751
  Trial 23 | Epoch  5 | val_FM 0.0656
  Trial 21 | Epoch  5 | val_FM 0.0835
  Trial 20 | Epoch  6 | val_FM 0.0803
  Trial 22 | Epoch  3 | val_FM 0.0874
  Trial 23 | Epoch  6 | val_FM 0.0589
  Trial 20 | Epoch  7 | val_FM 0.0777
  Trial 21 | Epoch  6 | val_FM 0.0814
  Trial 23 | Epoch  7 | val_FM 0.0592
  Trial 20 | Epoch  8 | val_FM 0.0666
  Trial 22 | Epoch  4 | val_FM 0.0801
  Trial 21 | Epoch  7 | val_FM 0.0790
  Trial 20 | Epoch  9 | val_FM 0.0668
  Trial 23 | Epoch  8 | val_FM 0.0663
  Trial 21 | Epoch  8 | val_FM 0.0838
  Trial 20 | Epoch 10 | val_FM 0.0618
  Trial 22 | Epoch  5 | val_FM 0.0814
  Trial 23 | Epoch  9 | val_FM 0.0565
  Trial 21 | Epoch  9 | val_FM 0.0711
  Trial 20 | Epoch 11 | val_FM 0.0611
  Trial 23 | Epoch 10 | val_FM 0.0559
  Trial 22 | Epoch  6 | val_FM 0.0768
  Trial 20 | Epoch 12 | val_FM 0.0591
  Trial 21 | Epoch 10 | val_FM 0.0652
  Trial 23 | Epoch 11 | val_FM 0.0596
  Trial 20 | Epoch 13 | val_FM 0.0565
  Trial 21 | Epoch 11 | val_FM 0.0675
  Trial 23 | Epoch 12 | val_FM 0.0556
  Trial 22 | Epoch  7 | val_FM 0.0830
  Trial 20 | Epoch 14 | val_FM 0.0585
  Trial 21 | Epoch 12 | val_FM 0.0640
  Trial 23 | Epoch 13 | val_FM 0.0602
  Trial 20 | Epoch 15 | val_FM 0.0552
  Trial 22 | Epoch  8 | val_FM 0.0736
  Trial 21 | Epoch 13 | val_FM 0.0662
  Trial 23 | Epoch 14 | val_FM 0.0581
  Trial 20 | Epoch 16 | val_FM 0.0613
  Trial 21 | Epoch 14 | val_FM 0.0584
  Trial 20 | Epoch 17 | val_FM 0.0546
  Trial 23 | Epoch 15 | val_FM 0.0572
  Trial 22 | Epoch  9 | val_FM 0.0701
  Trial 20 | Epoch 18 | val_FM 0.0558
  Trial 21 | Epoch 15 | val_FM 0.0598
  Trial 23 | Epoch 16 | val_FM 0.0556
  Trial 20 | Epoch 19 | val_FM 0.0588
[I 2026-09-14 13:31:32,257] Trial 20 finished with value: 0.05463855350816172 and parameters: {'gru_hidden': 128, 'mlp_hidden': 128}. Best is trial 20 with value: 0.05463855350816172.
  Trial 22 | Epoch 10 | val_FM 0.0775
  Trial 23 | Epoch 17 | val_FM 0.0558
  Trial 21 | Epoch 16 | val_FM 0.0545
  Trial 23 | Epoch 18 | val_FM 0.0590
  Trial 22 | Epoch 11 | val_FM 0.0640
  Trial 21 | Epoch 17 | val_FM 0.0552
  Trial 23 | Epoch 19 | val_FM 0.0607
[I 2026-09-14 13:31:59,186] Trial 23 finished with value: 0.05562449546129096 and parameters: {'gru_hidden': 512, 'mlp_hidden': 64}. Best is trial 17 with value: 0.05313098608376154.
  Trial 21 | Epoch 18 | val_FM 0.0592
  Trial 22 | Epoch 12 | val_FM 0.0611
  Trial 21 | Epoch 19 | val_FM 0.0575
[I 2026-09-14 13:32:08,529] Trial 21 finished with value: 0.05453581956452599 and parameters: {'gru_hidden': 128, 'mlp_hidden': 32}. Best is trial 17 with value: 0.05313098608376154.
  Trial 22 | Epoch 13 | val_FM 0.0582
  Trial 22 | Epoch 14 | val_FM 0.0633
  Trial 22 | Epoch 15 | val_FM 0.0608
  Trial 22 | Epoch 16 | val_FM 0.0567
  Trial 22 | Epoch 17 | val_FM 0.0605
  Trial 22 | Epoch 18 | val_FM 0.0674
  Trial 22 | Epoch 19 | val_FM 0.0532
[I 2026-09-14 13:32:45,573] Trial 22 finished with value: 0.05321841798966227 and parameters: {'gru_hidden': 128, 'mlp_hidden': 128}. Best is trial 18 with value: 0.051724076901069456.

=== Migliori iperparametri FM - Fase 1 ===
  gru_hidden: 512
  mlp_hidden: 32
  best val_FM: 0.0517

Risultati salvati in /home/gemma/tesi/aquabot/src/net/Estimator/tuning/tuning_results/best_fm_phase1.txt
