Device: cuda | threads: 4
lambda_future: fisso a 0.5 in fase 1, cercato in [1e-3, 1.0] (log) nelle fasi 2/3
=== FASE 1 | 4 trial (questo worker) | 30 epoche ===

Caricamento dataset...
Trovati 34 trial.
  [trial_20260519_151133.csv] attenzione: calibrazione a riposo su 37 campioni (< 50)
Dataset grezzo: 34 trial letti. Scaler e finestre verranno costruiti in split_by_trial() (fit solo sul training set).
Feature in input per timestep: 1
[I 2026-09-04 13:56:51,512] Using an existing study with name 'fish_forward_phase1' instead of creating a new one.
Normalizzatore caricato da /home/gemma/tesi/aquabot/src/net/SensorEstimator/../../../src/net/scaler/scalers.pkl (nessun refit).
Dataset: 27324 campioni da 34 trial. seq feature/timestep = 1
  Trial 6 | Epoch  0 | val 0.1599
  Trial 5 | Epoch  0 | val 0.1701
  Trial 4 | Epoch  0 | val 0.1289
  Trial 7 | Epoch  0 | val 0.1299
  Trial 5 | Epoch  1 | val 0.1236
  Trial 6 | Epoch  1 | val 0.1195
  Trial 4 | Epoch  1 | val 0.1055
  Trial 7 | Epoch  1 | val 0.1073
  Trial 5 | Epoch  2 | val 0.1124
  Trial 6 | Epoch  2 | val 0.1101
  Trial 4 | Epoch  2 | val 0.1051
  Trial 7 | Epoch  2 | val 0.1161
  Trial 5 | Epoch  3 | val 0.1091
  Trial 6 | Epoch  3 | val 0.1123
  Trial 4 | Epoch  3 | val 0.1033
  Trial 7 | Epoch  3 | val 0.1006
  Trial 5 | Epoch  4 | val 0.1008
  Trial 6 | Epoch  4 | val 0.1072
  Trial 4 | Epoch  4 | val 0.1086
  Trial 7 | Epoch  4 | val 0.1043
  Trial 5 | Epoch  5 | val 0.1025
  Trial 6 | Epoch  5 | val 0.1031
  Trial 4 | Epoch  5 | val 0.0973
  Trial 7 | Epoch  5 | val 0.1005
  Trial 5 | Epoch  6 | val 0.0986
  Trial 6 | Epoch  6 | val 0.1022
  Trial 4 | Epoch  6 | val 0.0979
  Trial 7 | Epoch  6 | val 0.0958
  Trial 5 | Epoch  7 | val 0.0991
  Trial 6 | Epoch  7 | val 0.1015
  Trial 4 | Epoch  7 | val 0.0945
  Trial 7 | Epoch  7 | val 0.0963
  Trial 5 | Epoch  8 | val 0.0969
  Trial 6 | Epoch  8 | val 0.0993
  Trial 4 | Epoch  8 | val 0.0947
  Trial 7 | Epoch  8 | val 0.0931
  Trial 5 | Epoch  9 | val 0.0971
  Trial 6 | Epoch  9 | val 0.0991
  Trial 4 | Epoch  9 | val 0.0980
  Trial 7 | Epoch  9 | val 0.0949
  Trial 5 | Epoch 10 | val 0.0965
  Trial 6 | Epoch 10 | val 0.1009
  Trial 4 | Epoch 10 | val 0.0934
  Trial 7 | Epoch 10 | val 0.0941
  Trial 5 | Epoch 11 | val 0.0983
  Trial 6 | Epoch 11 | val 0.0979
  Trial 4 | Epoch 11 | val 0.0947
  Trial 7 | Epoch 11 | val 0.0927
  Trial 5 | Epoch 12 | val 0.0973
  Trial 6 | Epoch 12 | val 0.0984
  Trial 4 | Epoch 12 | val 0.0944
  Trial 5 | Epoch 13 | val 0.0950
  Trial 7 | Epoch 12 | val 0.0953
  Trial 6 | Epoch 13 | val 0.1000
  Trial 4 | Epoch 13 | val 0.0992
  Trial 5 | Epoch 14 | val 0.0947
  Trial 7 | Epoch 13 | val 0.0975
  Trial 6 | Epoch 14 | val 0.0947
  Trial 5 | Epoch 15 | val 0.0977
  Trial 4 | Epoch 14 | val 0.0914
  Trial 7 | Epoch 14 | val 0.0907
  Trial 6 | Epoch 15 | val 0.0929
  Trial 5 | Epoch 16 | val 0.0976
  Trial 4 | Epoch 15 | val 0.0950
  Trial 7 | Epoch 15 | val 0.0920
  Trial 6 | Epoch 16 | val 0.0989
  Trial 5 | Epoch 17 | val 0.0973
  Trial 4 | Epoch 16 | val 0.0925
  Trial 6 | Epoch 17 | val 0.0940
  Trial 7 | Epoch 16 | val 0.0975
  Trial 5 | Epoch 18 | val 0.0944
  Trial 4 | Epoch 17 | val 0.0974
  Trial 6 | Epoch 18 | val 0.0944
  Trial 7 | Epoch 17 | val 0.0936
  Trial 5 | Epoch 19 | val 0.0951
  Trial 4 | Epoch 18 | val 0.0942
  Trial 6 | Epoch 19 | val 0.0933
  Trial 7 | Epoch 18 | val 0.0906
  Trial 5 | Epoch 20 | val 0.0935
  Trial 4 | Epoch 19 | val 0.0949
  Trial 6 | Epoch 20 | val 0.1019
  Trial 7 | Epoch 19 | val 0.0917
  Trial 5 | Epoch 21 | val 0.0925
  Trial 4 | Epoch 20 | val 0.0911
  Trial 6 | Epoch 21 | val 0.0992
  Trial 7 | Epoch 20 | val 0.1010
  Trial 5 | Epoch 22 | val 0.0961
  Trial 4 | Epoch 21 | val 0.0907
  Trial 6 | Epoch 22 | val 0.0908
  Trial 7 | Epoch 21 | val 0.0930
  Trial 5 | Epoch 23 | val 0.0946
  Trial 6 | Epoch 23 | val 0.0944
  Trial 4 | Epoch 22 | val 0.0933
  Trial 7 | Epoch 22 | val 0.0915
  Trial 5 | Epoch 24 | val 0.0929
  Trial 6 | Epoch 24 | val 0.0916
  Trial 4 | Epoch 23 | val 0.0920
  Trial 7 | Epoch 23 | val 0.0889
  Trial 5 | Epoch 25 | val 0.0893
  Trial 6 | Epoch 25 | val 0.0926
  Trial 4 | Epoch 24 | val 0.0929
  Trial 5 | Epoch 26 | val 0.0910
  Trial 7 | Epoch 24 | val 0.0904
  Trial 6 | Epoch 26 | val 0.0934
  Trial 4 | Epoch 25 | val 0.0930
  Trial 5 | Epoch 27 | val 0.0982
  Trial 7 | Epoch 25 | val 0.0903
  Trial 6 | Epoch 27 | val 0.0895
  Trial 4 | Epoch 26 | val 0.0906
  Trial 5 | Epoch 28 | val 0.0902
  Trial 7 | Epoch 26 | val 0.0912
  Trial 6 | Epoch 28 | val 0.0906
  Trial 4 | Epoch 27 | val 0.0915
  Trial 5 | Epoch 29 | val 0.0920
[I 2026-09-04 14:00:57,194] Trial 5 finished with value: 0.08927371689299149 and parameters: {'gru_hidden': 128, 'mlp_hidden': 32}. Best is trial 2 with value: 0.08902415002126303.
  Trial 7 | Epoch 27 | val 0.0921
  Trial 6 | Epoch 29 | val 0.0907
[I 2026-09-04 14:00:59,411] Trial 6 finished with value: 0.08946272741947602 and parameters: {'gru_hidden': 64, 'mlp_hidden': 128}. Best is trial 2 with value: 0.08902415002126303.
  Trial 4 | Epoch 28 | val 0.0918
  Trial 7 | Epoch 28 | val 0.0906
  Trial 4 | Epoch 29 | val 0.0934
[I 2026-09-04 14:01:06,827] Trial 4 finished with value: 0.09057834477566962 and parameters: {'gru_hidden': 512, 'mlp_hidden': 64}. Best is trial 2 with value: 0.08902415002126303.
  Trial 7 | Epoch 29 | val 0.0928
[I 2026-09-04 14:01:08,859] Trial 7 finished with value: 0.08892097838445386 and parameters: {'gru_hidden': 512, 'mlp_hidden': 128}. Best is trial 7 with value: 0.08892097838445386.

=== Migliori iperparametri - Fase 1 ===
  gru_hidden: 512
  mlp_hidden: 128
  best val loss: 0.0889

Risultati salvati in /home/gemma/tesi/aquabot/src/net/SensorEstimator/tuning_results/best_params_phase1.txt
