Device: cuda | threads: 4
lambda_future: fisso a 0.5 in fase 1, cercato in [1e-3, 1.0] (log) nelle fasi 2/3
=== FASE 1 | 4 trial (questo worker) | 30 epoche ===

Caricamento dataset...
Trovati 34 trial.
  [trial_20260519_151133.csv] attenzione: calibrazione a riposo su 37 campioni (< 50)
Dataset grezzo: 34 trial letti. Scaler e finestre verranno costruiti in split_by_trial() (fit solo sul training set).
Feature in input per timestep: 3
[I 2026-08-24 11:56:07,196] Using an existing study with name 'fish_forward_phase1' instead of creating a new one.
Normalizzatore caricato da /home/gemma/tesi/aquabot/src/net/SensorEstimator/../../../src/net/scaler/scalers.pkl (nessun refit).
Dataset: 27290 campioni da 34 trial. seq feature/timestep = 3
  Trial 14 | Epoch  0 | val 0.2016
  Trial 12 | Epoch  0 | val 0.2236
  Trial 13 | Epoch  0 | val 0.2219
  Trial 15 | Epoch  0 | val 0.1525
  Trial 14 | Epoch  1 | val 0.1482
  Trial 12 | Epoch  1 | val 0.1677
  Trial 13 | Epoch  1 | val 0.1608
  Trial 15 | Epoch  1 | val 0.1205
  Trial 14 | Epoch  2 | val 0.1280
  Trial 12 | Epoch  2 | val 0.1420
  Trial 13 | Epoch  2 | val 0.1370
  Trial 15 | Epoch  2 | val 0.1075
  Trial 14 | Epoch  3 | val 0.1168
  Trial 12 | Epoch  3 | val 0.1241
  Trial 13 | Epoch  3 | val 0.1243
  Trial 15 | Epoch  3 | val 0.1026
  Trial 14 | Epoch  4 | val 0.1047
  Trial 12 | Epoch  4 | val 0.1169
  Trial 13 | Epoch  4 | val 0.1163
  Trial 14 | Epoch  5 | val 0.1032
  Trial 15 | Epoch  4 | val 0.0930
  Trial 12 | Epoch  5 | val 0.1101
  Trial 13 | Epoch  5 | val 0.1116
  Trial 14 | Epoch  6 | val 0.0986
  Trial 12 | Epoch  6 | val 0.1064
  Trial 15 | Epoch  5 | val 0.0938
  Trial 13 | Epoch  6 | val 0.1064
  Trial 14 | Epoch  7 | val 0.0961
  Trial 12 | Epoch  7 | val 0.1019
  Trial 13 | Epoch  7 | val 0.1049
  Trial 15 | Epoch  6 | val 0.0926
  Trial 14 | Epoch  8 | val 0.0940
  Trial 12 | Epoch  8 | val 0.1001
  Trial 13 | Epoch  8 | val 0.1018
  Trial 15 | Epoch  7 | val 0.0888
  Trial 14 | Epoch  9 | val 0.0936
  Trial 12 | Epoch  9 | val 0.0982
  Trial 13 | Epoch  9 | val 0.0974
  Trial 14 | Epoch 10 | val 0.0901
  Trial 12 | Epoch 10 | val 0.0968
  Trial 15 | Epoch  8 | val 0.0889
  Trial 13 | Epoch 10 | val 0.0985
  Trial 14 | Epoch 11 | val 0.0914
  Trial 12 | Epoch 11 | val 0.0959
  Trial 13 | Epoch 11 | val 0.0944
  Trial 15 | Epoch  9 | val 0.0874
  Trial 14 | Epoch 12 | val 0.0887
  Trial 12 | Epoch 12 | val 0.0922
  Trial 13 | Epoch 12 | val 0.0933
  Trial 14 | Epoch 13 | val 0.0894
  Trial 15 | Epoch 10 | val 0.0883
  Trial 12 | Epoch 13 | val 0.0961
  Trial 13 | Epoch 13 | val 0.0933
  Trial 14 | Epoch 14 | val 0.0963
  Trial 15 | Epoch 11 | val 0.0897
  Trial 12 | Epoch 14 | val 0.0904
  Trial 13 | Epoch 14 | val 0.0903
  Trial 14 | Epoch 15 | val 0.0883
  Trial 12 | Epoch 15 | val 0.0899
  Trial 13 | Epoch 15 | val 0.0927
  Trial 15 | Epoch 12 | val 0.0874
  Trial 14 | Epoch 16 | val 0.0869
  Trial 12 | Epoch 16 | val 0.0895
  Trial 13 | Epoch 16 | val 0.0910
  Trial 14 | Epoch 17 | val 0.0912
  Trial 15 | Epoch 13 | val 0.0875
  Trial 12 | Epoch 17 | val 0.0908
  Trial 13 | Epoch 17 | val 0.0922
  Trial 14 | Epoch 18 | val 0.0903
  Trial 12 | Epoch 18 | val 0.0895
  Trial 15 | Epoch 14 | val 0.0891
  Trial 13 | Epoch 18 | val 0.0915
  Trial 14 | Epoch 19 | val 0.0848
  Trial 12 | Epoch 19 | val 0.0919
  Trial 15 | Epoch 15 | val 0.0872
  Trial 13 | Epoch 19 | val 0.0915
  Trial 14 | Epoch 20 | val 0.0862
  Trial 12 | Epoch 20 | val 0.0877
  Trial 13 | Epoch 20 | val 0.0900
  Trial 14 | Epoch 21 | val 0.0849
  Trial 15 | Epoch 16 | val 0.0869
  Trial 12 | Epoch 21 | val 0.0889
  Trial 13 | Epoch 21 | val 0.0886
  Trial 14 | Epoch 22 | val 0.0891
  Trial 15 | Epoch 17 | val 0.0882
  Trial 12 | Epoch 22 | val 0.0868
  Trial 13 | Epoch 22 | val 0.0866
  Trial 14 | Epoch 23 | val 0.0837
  Trial 12 | Epoch 23 | val 0.0858
  Trial 15 | Epoch 18 | val 0.0849
  Trial 13 | Epoch 23 | val 0.0925
  Trial 14 | Epoch 24 | val 0.0844
  Trial 12 | Epoch 24 | val 0.0868
  Trial 15 | Epoch 19 | val 0.0902
  Trial 14 | Epoch 25 | val 0.0861
  Trial 13 | Epoch 24 | val 0.0877
  Trial 12 | Epoch 25 | val 0.0891
  Trial 14 | Epoch 26 | val 0.0846
  Trial 13 | Epoch 25 | val 0.0860
  Trial 15 | Epoch 20 | val 0.0895
  Trial 12 | Epoch 26 | val 0.0860
  Trial 14 | Epoch 27 | val 0.0875
  Trial 13 | Epoch 26 | val 0.0881
  Trial 15 | Epoch 21 | val 0.0884
  Trial 12 | Epoch 27 | val 0.0860
  Trial 14 | Epoch 28 | val 0.0851
  Trial 13 | Epoch 27 | val 0.0872
  Trial 12 | Epoch 28 | val 0.0852
  Trial 15 | Epoch 22 | val 0.0856
  Trial 14 | Epoch 29 | val 0.0860
[I 2026-08-24 11:59:02,858] Trial 14 finished with value: 0.08372501914959345 and parameters: {'gru_hidden': 128, 'mlp_hidden': 64}. Best is trial 14 with value: 0.08372501914959345.
  Trial 13 | Epoch 28 | val 0.0900
  Trial 12 | Epoch 29 | val 0.0863
[I 2026-08-24 11:59:05,472] Trial 12 finished with value: 0.08520612698882374 and parameters: {'gru_hidden': 64, 'mlp_hidden': 256}. Best is trial 14 with value: 0.08372501914959345.
  Trial 15 | Epoch 23 | val 0.0907
  Trial 13 | Epoch 29 | val 0.0864
[I 2026-08-24 11:59:08,169] Trial 13 finished with value: 0.08602926329667888 and parameters: {'gru_hidden': 64, 'mlp_hidden': 32}. Best is trial 14 with value: 0.08372501914959345.
  Trial 15 | Epoch 24 | val 0.0874
  Trial 15 | Epoch 25 | val 0.0864
  Trial 15 | Epoch 26 | val 0.0865
  Trial 15 | Epoch 27 | val 0.0855
  Trial 15 | Epoch 28 | val 0.0872
  Trial 15 | Epoch 29 | val 0.0840
[I 2026-08-24 11:59:32,784] Trial 15 finished with value: 0.08396741133461248 and parameters: {'gru_hidden': 512, 'mlp_hidden': 32}. Best is trial 14 with value: 0.08372501914959345.

=== Migliori iperparametri - Fase 1 ===
  gru_hidden: 128
  mlp_hidden: 64
  best val loss: 0.0837

Risultati salvati in /home/gemma/tesi/aquabot/src/net/SensorEstimator/tuning_results/best_params_phase1.txt
