Device: cuda | threads: 4
=== FASE 1 | 4 trial (questo worker) | 30 epoche ===

Caricamento dataset...
Trovati 34 trial.
  [trial_20260519_151133.csv] attenzione: calibrazione a riposo su 37 campioni (< 50)
Dataset: 27290 campioni da 34 trial.
[I 2026-07-20 13:56:48,704] Using an existing study with name 'fish_forward_phase1' instead of creating a new one.
  Trial 2 | Epoch  0 | val 0.4688
  Trial 2 | Epoch  1 | val 0.4339
  Trial 2 | Epoch  2 | val 0.4035
  Trial 2 | Epoch  3 | val 0.3858
  Trial 2 | Epoch  4 | val 0.3840
  Trial 2 | Epoch  5 | val 0.3747
  Trial 2 | Epoch  6 | val 0.3728
  Trial 2 | Epoch  7 | val 0.3690
  Trial 2 | Epoch  8 | val 0.3672
  Trial 2 | Epoch  9 | val 0.3682
  Trial 2 | Epoch 10 | val 0.3644
  Trial 2 | Epoch 11 | val 0.3629
  Trial 2 | Epoch 12 | val 0.3640
  Trial 2 | Epoch 13 | val 0.3640
  Trial 2 | Epoch 14 | val 0.3601
  Trial 2 | Epoch 15 | val 0.3592
  Trial 2 | Epoch 16 | val 0.3600
  Trial 2 | Epoch 17 | val 0.3563
  Trial 2 | Epoch 18 | val 0.3548
  Trial 2 | Epoch 19 | val 0.3539
  Trial 2 | Epoch 20 | val 0.3550
  Trial 2 | Epoch 21 | val 0.3561
  Trial 2 | Epoch 22 | val 0.3539
  Trial 2 | Epoch 23 | val 0.3538
  Trial 2 | Epoch 24 | val 0.3548
  Trial 2 | Epoch 25 | val 0.3547
  Trial 2 | Epoch 26 | val 0.3537
  Trial 2 | Epoch 27 | val 0.3531
  Trial 2 | Epoch 28 | val 0.3534
  Trial 2 | Epoch 29 | val 0.3550
[I 2026-07-20 13:57:44,543] Trial 2 finished with value: 0.3531013349461001 and parameters: {'gru_hidden': 256, 'mlp_hidden': 32}. Best is trial 2 with value: 0.3531013349461001.
  Trial 6 | Epoch  0 | val 0.5028
  Trial 6 | Epoch  1 | val 0.4546
  Trial 6 | Epoch  2 | val 0.4224
  Trial 6 | Epoch  3 | val 0.4067
  Trial 6 | Epoch  4 | val 0.4019
  Trial 6 | Epoch  5 | val 0.3893
  Trial 6 | Epoch  6 | val 0.3896
  Trial 6 | Epoch  7 | val 0.3788
  Trial 6 | Epoch  8 | val 0.3814
  Trial 6 | Epoch  9 | val 0.3768
  Trial 6 | Epoch 10 | val 0.3752
  Trial 6 | Epoch 11 | val 0.3740
  Trial 6 | Epoch 12 | val 0.3764
  Trial 6 | Epoch 13 | val 0.3691
  Trial 6 | Epoch 14 | val 0.3689
  Trial 6 | Epoch 15 | val 0.3699
  Trial 6 | Epoch 16 | val 0.3664
  Trial 6 | Epoch 17 | val 0.3643
  Trial 6 | Epoch 18 | val 0.3633
  Trial 6 | Epoch 19 | val 0.3646
  Trial 6 | Epoch 20 | val 0.3650
  Trial 6 | Epoch 21 | val 0.3625
  Trial 6 | Epoch 22 | val 0.3629
  Trial 6 | Epoch 23 | val 0.3635
  Trial 6 | Epoch 24 | val 0.3623
  Trial 6 | Epoch 25 | val 0.3628
  Trial 6 | Epoch 26 | val 0.3601
  Trial 6 | Epoch 27 | val 0.3591
  Trial 6 | Epoch 28 | val 0.3634
  Trial 6 | Epoch 29 | val 0.3593
[I 2026-07-20 13:58:42,400] Trial 6 finished with value: 0.3591420643551405 and parameters: {'gru_hidden': 64, 'mlp_hidden': 128}. Best is trial 4 with value: 0.34934927193924437.
  Trial 10 | Epoch  0 | val 0.4431
  Trial 10 | Epoch  1 | val 0.4023
  Trial 10 | Epoch  2 | val 0.3897
  Trial 10 | Epoch  3 | val 0.3747
  Trial 10 | Epoch  4 | val 0.3802
  Trial 10 | Epoch  5 | val 0.3717
  Trial 10 | Epoch  6 | val 0.3686
  Trial 10 | Epoch  7 | val 0.3635
  Trial 10 | Epoch  8 | val 0.3649
  Trial 10 | Epoch  9 | val 0.3715
  Trial 10 | Epoch 10 | val 0.3601
  Trial 10 | Epoch 11 | val 0.3574
  Trial 10 | Epoch 12 | val 0.3625
  Trial 10 | Epoch 13 | val 0.3589
  Trial 10 | Epoch 14 | val 0.3642
  Trial 10 | Epoch 15 | val 0.3556
  Trial 10 | Epoch 16 | val 0.3560
  Trial 10 | Epoch 17 | val 0.3555
  Trial 10 | Epoch 18 | val 0.3539
  Trial 10 | Epoch 19 | val 0.3573
  Trial 10 | Epoch 20 | val 0.3572
  Trial 10 | Epoch 21 | val 0.3555
  Trial 10 | Epoch 22 | val 0.3546
  Trial 10 | Epoch 23 | val 0.3561
  Trial 10 | Epoch 24 | val 0.3519
  Trial 10 | Epoch 25 | val 0.3521
  Trial 10 | Epoch 26 | val 0.3537
  Trial 10 | Epoch 27 | val 0.3553
  Trial 10 | Epoch 28 | val 0.3553
  Trial 10 | Epoch 29 | val 0.3536
[I 2026-07-20 13:59:45,321] Trial 10 finished with value: 0.351850944896077 and parameters: {'gru_hidden': 512, 'mlp_hidden': 256}. Best is trial 4 with value: 0.34934927193924437.
  Trial 14 | Epoch  0 | val 0.4807
  Trial 14 | Epoch  1 | val 0.4404
  Trial 14 | Epoch  2 | val 0.4045
  Trial 14 | Epoch  3 | val 0.4025
  Trial 14 | Epoch  4 | val 0.3847
  Trial 14 | Epoch  5 | val 0.3797
  Trial 14 | Epoch  6 | val 0.3735
  Trial 14 | Epoch  7 | val 0.3726
  Trial 14 | Epoch  8 | val 0.3708
  Trial 14 | Epoch  9 | val 0.3687
  Trial 14 | Epoch 10 | val 0.3656
  Trial 14 | Epoch 11 | val 0.3678
  Trial 14 | Epoch 12 | val 0.3648
  Trial 14 | Epoch 13 | val 0.3639
  Trial 14 | Epoch 14 | val 0.3632
  Trial 14 | Epoch 15 | val 0.3616
  Trial 14 | Epoch 16 | val 0.3609
  Trial 14 | Epoch 17 | val 0.3606
  Trial 14 | Epoch 18 | val 0.3594
  Trial 14 | Epoch 19 | val 0.3579
  Trial 14 | Epoch 20 | val 0.3566
  Trial 14 | Epoch 21 | val 0.3611
  Trial 14 | Epoch 22 | val 0.3593
  Trial 14 | Epoch 23 | val 0.3570
  Trial 14 | Epoch 24 | val 0.3576
  Trial 14 | Epoch 25 | val 0.3548
  Trial 14 | Epoch 26 | val 0.3583
  Trial 14 | Epoch 27 | val 0.3550
  Trial 14 | Epoch 28 | val 0.3547
  Trial 14 | Epoch 29 | val 0.3537
[I 2026-07-20 14:00:40,294] Trial 14 finished with value: 0.3537302254590877 and parameters: {'gru_hidden': 128, 'mlp_hidden': 64}. Best is trial 4 with value: 0.34934927193924437.

=== Migliori iperparametri - Fase 1 ===
  gru_hidden: 512
  mlp_hidden: 64
  best val loss: 0.3493

Risultati salvati in tuning_results/best_params_phase1.txt
