Device: cuda | threads: 4
=== FASE 1 | 4 trial (questo worker) | 30 epoche ===

Caricamento dataset...
Trovati 34 trial.
  [trial_20260519_151133.csv] attenzione: calibrazione a riposo su 37 campioni (< 50)
Dataset: 27290 campioni da 34 trial.
[I 2026-07-20 13:56:50,468] Using an existing study with name 'fish_forward_phase1' instead of creating a new one.
  Trial 3 | Epoch  0 | val 0.4505
  Trial 3 | Epoch  1 | val 0.4122
  Trial 3 | Epoch  2 | val 0.3906
  Trial 3 | Epoch  3 | val 0.4025
  Trial 3 | Epoch  4 | val 0.3785
  Trial 3 | Epoch  5 | val 0.3783
  Trial 3 | Epoch  6 | val 0.3730
  Trial 3 | Epoch  7 | val 0.3701
  Trial 3 | Epoch  8 | val 0.3726
  Trial 3 | Epoch  9 | val 0.3621
  Trial 3 | Epoch 10 | val 0.3614
  Trial 3 | Epoch 11 | val 0.3631
  Trial 3 | Epoch 12 | val 0.3678
  Trial 3 | Epoch 13 | val 0.3603
  Trial 3 | Epoch 14 | val 0.3633
  Trial 3 | Epoch 15 | val 0.3598
  Trial 3 | Epoch 16 | val 0.3576
  Trial 3 | Epoch 17 | val 0.3572
  Trial 3 | Epoch 18 | val 0.3549
  Trial 3 | Epoch 19 | val 0.3550
  Trial 3 | Epoch 20 | val 0.3572
  Trial 3 | Epoch 21 | val 0.3538
  Trial 3 | Epoch 22 | val 0.3533
  Trial 3 | Epoch 23 | val 0.3554
  Trial 3 | Epoch 24 | val 0.3545
  Trial 3 | Epoch 25 | val 0.3521
  Trial 3 | Epoch 26 | val 0.3526
  Trial 3 | Epoch 27 | val 0.3545
  Trial 3 | Epoch 28 | val 0.3557
  Trial 3 | Epoch 29 | val 0.3553
[I 2026-07-20 13:57:46,315] Trial 3 finished with value: 0.3521417585569759 and parameters: {'gru_hidden': 256, 'mlp_hidden': 64}. Best is trial 3 with value: 0.3521417585569759.
  Trial 7 | Epoch  0 | val 0.4492
  Trial 7 | Epoch  1 | val 0.4014
  Trial 7 | Epoch  2 | val 0.3890
  Trial 7 | Epoch  3 | val 0.3799
  Trial 7 | Epoch  4 | val 0.3705
  Trial 7 | Epoch  5 | val 0.3683
  Trial 7 | Epoch  6 | val 0.3684
  Trial 7 | Epoch  7 | val 0.3637
  Trial 7 | Epoch  8 | val 0.3639
  Trial 7 | Epoch  9 | val 0.3700
  Trial 7 | Epoch 10 | val 0.3593
  Trial 7 | Epoch 11 | val 0.3582
  Trial 7 | Epoch 12 | val 0.3580
  Trial 7 | Epoch 13 | val 0.3595
  Trial 7 | Epoch 14 | val 0.3554
  Trial 7 | Epoch 15 | val 0.3588
  Trial 7 | Epoch 16 | val 0.3599
  Trial 7 | Epoch 17 | val 0.3544
  Trial 7 | Epoch 18 | val 0.3577
  Trial 7 | Epoch 19 | val 0.3565
  Trial 7 | Epoch 20 | val 0.3532
  Trial 7 | Epoch 21 | val 0.3555
  Trial 7 | Epoch 22 | val 0.3524
  Trial 7 | Epoch 23 | val 0.3559
  Trial 7 | Epoch 24 | val 0.3571
  Trial 7 | Epoch 25 | val 0.3525
  Trial 7 | Epoch 26 | val 0.3504
  Trial 7 | Epoch 27 | val 0.3509
  Trial 7 | Epoch 28 | val 0.3546
  Trial 7 | Epoch 29 | val 0.3501
[I 2026-07-20 13:58:44,607] Trial 7 finished with value: 0.35013156314921934 and parameters: {'gru_hidden': 512, 'mlp_hidden': 128}. Best is trial 4 with value: 0.34934927193924437.
  Trial 11 | Epoch  0 | val 0.4528
  Trial 11 | Epoch  1 | val 0.4133
  Trial 11 | Epoch  2 | val 0.3958
  Trial 11 | Epoch  3 | val 0.3874
  Trial 11 | Epoch  4 | val 0.3823
  Trial 11 | Epoch  5 | val 0.3724
  Trial 11 | Epoch  6 | val 0.3709
  Trial 11 | Epoch  7 | val 0.3742
  Trial 11 | Epoch  8 | val 0.3752
  Trial 11 | Epoch  9 | val 0.3726
  Trial 11 | Epoch 10 | val 0.3655
  Trial 11 | Epoch 11 | val 0.3602
  Trial 11 | Epoch 12 | val 0.3623
  Trial 11 | Epoch 13 | val 0.3634
  Trial 11 | Epoch 14 | val 0.3611
  Trial 11 | Epoch 15 | val 0.3607
  Trial 11 | Epoch 16 | val 0.3583
  Trial 11 | Epoch 17 | val 0.3554
  Trial 11 | Epoch 18 | val 0.3583
  Trial 11 | Epoch 19 | val 0.3566
  Trial 11 | Epoch 20 | val 0.3544
  Trial 11 | Epoch 21 | val 0.3594
  Trial 11 | Epoch 22 | val 0.3571
  Trial 11 | Epoch 23 | val 0.3563
  Trial 11 | Epoch 24 | val 0.3555
  Trial 11 | Epoch 25 | val 0.3536
  Trial 11 | Epoch 26 | val 0.3549
  Trial 11 | Epoch 27 | val 0.3525
  Trial 11 | Epoch 28 | val 0.3553
  Trial 11 | Epoch 29 | val 0.3537
[I 2026-07-20 13:59:46,717] Trial 11 finished with value: 0.35253969060127127 and parameters: {'gru_hidden': 256, 'mlp_hidden': 256}. Best is trial 4 with value: 0.34934927193924437.
  Trial 15 | Epoch  0 | val 0.4377
  Trial 15 | Epoch  1 | val 0.4003
  Trial 15 | Epoch  2 | val 0.3861
  Trial 15 | Epoch  3 | val 0.3776
  Trial 15 | Epoch  4 | val 0.3738
  Trial 15 | Epoch  5 | val 0.3710
  Trial 15 | Epoch  6 | val 0.3642
  Trial 15 | Epoch  7 | val 0.3644
  Trial 15 | Epoch  8 | val 0.3700
  Trial 15 | Epoch  9 | val 0.3640
  Trial 15 | Epoch 10 | val 0.3588
  Trial 15 | Epoch 11 | val 0.3593
  Trial 15 | Epoch 12 | val 0.3597
  Trial 15 | Epoch 13 | val 0.3585
  Trial 15 | Epoch 14 | val 0.3607
  Trial 15 | Epoch 15 | val 0.3581
  Trial 15 | Epoch 16 | val 0.3579
  Trial 15 | Epoch 17 | val 0.3550
  Trial 15 | Epoch 18 | val 0.3560
  Trial 15 | Epoch 19 | val 0.3585
  Trial 15 | Epoch 20 | val 0.3542
  Trial 15 | Epoch 21 | val 0.3566
  Trial 15 | Epoch 22 | val 0.3524
  Trial 15 | Epoch 23 | val 0.3548
  Trial 15 | Epoch 24 | val 0.3511
  Trial 15 | Epoch 25 | val 0.3519
  Trial 15 | Epoch 26 | val 0.3517
  Trial 15 | Epoch 27 | val 0.3505
  Trial 15 | Epoch 28 | val 0.3515
  Trial 15 | Epoch 29 | val 0.3529
[I 2026-07-20 14:00:41,599] Trial 15 finished with value: 0.3505487703653269 and parameters: {'gru_hidden': 512, 'mlp_hidden': 32}. Best is trial 4 with value: 0.34934927193924437.

=== Migliori iperparametri - Fase 1 ===
  gru_hidden: 512
  mlp_hidden: 64
  best val loss: 0.3493

Risultati salvati in tuning_results/best_params_phase1.txt
